Instantiating baseline...
Training
Epoch 0
Validation
Computing accuracy
Computing accuracy
Computing accuracy
Epoch 0
Validation
Computing accuracy
Computing accuracy
Computing accuracy
Computing accuracy
Epoch 0
Validation
Computing accuracy
Computing accuracy
Computing accuracy
Computing accuracy
Computing accuracy
Epoch 0
Validation
Computing accuracy
Computing accuracy
Computing accuracy
Computing accuracy
Computing accuracy
Computing accuracy
Epoch 0
Validation
Computing accuracy
Computing accuracy
Computing accuracy
Computing accuracy
Computing accuracy
Computing accuracy
Computing accuracy
Epoch 0
Validation
Computing accuracy
Computing accuracy
Computing accuracy
Computing accuracy
Computing accuracy
Computing accuracy
Computing accuracy
Computing accuracy
Computing accuracy
Computing accuracy
Computing accuracy
Computing accuracy
Computing accuracy
Computing accuracy
