wandb: Using wandb-core as the SDK backend.  Please refer to https://wandb.me/wandb-core for more information.
wandb: Currently logged in as: joanlafuente. Use `wandb login --relogin` to force relogin
wandb: Tracking run with wandb version 0.18.7
wandb: Run data is saved locally in /export/fhome/amlai07/Adavanced_DP/wandb/run-20241114_221100-pvfzfaj9
wandb: Run `wandb offline` to turn off syncing.
wandb: Syncing run baseline
wandb: ⭐️ View project at https://wandb.ai/joanlafuente/Advanced_DP
wandb: 🚀 View run at https://wandb.ai/joanlafuente/Advanced_DP/runs/pvfzfaj9

  0%|          | 0/10 [00:00<?, ?it/s]

  0%|          | 0/1188 [00:00<?, ?it/s][A

  0%|          | 1/1188 [00:01<24:01,  1.21s/it][A

  0%|          | 2/1188 [00:01<18:16,  1.08it/s][A

  0%|          | 3/1188 [00:02<16:16,  1.21it/s][A

  0%|          | 4/1188 [00:03<15:21,  1.28it/s][A

  0%|          | 5/1188 [00:04<14:56,  1.32it/s][A

  1%|          | 6/1188 [00:04<15:02,  1.31it/s][A

  1%|          | 7/1188 [00:05<14:57,  1.32it/s][A

  1%|          | 8/1188 [00:06<14:39,  1.34it/s][A

  1%|          | 9/1188 [00:06<14:14,  1.38it/s][A

  1%|          | 10/1188 [00:07<14:19,  1.37it/s][A

  1%|          | 11/1188 [00:08<13:57,  1.40it/s][A

  1%|          | 12/1188 [00:09<13:53,  1.41it/s][A

  1%|          | 13/1188 [00:09<14:00,  1.40it/s][A

  1%|          | 14/1188 [00:10<14:13,  1.38it/s][A

  1%|▏         | 15/1188 [00:11<14:26,  1.35it/s][A

  1%|▏         | 16/1188 [00:12<14:26,  1.35it/s][A

  1%|▏         | 17/1188 [00:12<14:34,  1.34it/s][A

  2%|▏         | 18/1188 [00:13<14:18,  1.36it/s][A

  2%|▏         | 19/1188 [00:14<14:21,  1.36it/s][A

  2%|▏         | 20/1188 [00:15<14:09,  1.37it/s][A

  2%|▏         | 21/1188 [00:15<14:19,  1.36it/s][A

  2%|▏         | 22/1188 [00:16<14:12,  1.37it/s][A

  2%|▏         | 23/1188 [00:17<14:14,  1.36it/s][A

  2%|▏         | 24/1188 [00:17<14:14,  1.36it/s][A

  2%|▏         | 25/1188 [00:18<14:04,  1.38it/s][A

  2%|▏         | 26/1188 [00:19<14:00,  1.38it/s][A

  2%|▏         | 27/1188 [00:20<14:03,  1.38it/s][A

  2%|▏         | 28/1188 [00:20<13:58,  1.38it/s][A

  2%|▏         | 29/1188 [00:21<13:56,  1.39it/s][A

  3%|▎         | 30/1188 [00:22<13:45,  1.40it/s][A

  3%|▎         | 31/1188 [00:22<13:50,  1.39it/s][A

  3%|▎         | 32/1188 [00:23<13:34,  1.42it/s][A

  3%|▎         | 33/1188 [00:24<13:40,  1.41it/s][A

  3%|▎         | 34/1188 [00:25<13:46,  1.40it/s][A

  3%|▎         | 35/1188 [00:25<13:45,  1.40it/s][A

  3%|▎         | 36/1188 [00:26<13:53,  1.38it/s][A

  3%|▎         | 37/1188 [00:27<13:54,  1.38it/s][A

  3%|▎         | 38/1188 [00:28<13:57,  1.37it/s][A

  3%|▎         | 39/1188 [00:28<14:00,  1.37it/s][A

  3%|▎         | 40/1188 [00:29<13:51,  1.38it/s][A

  3%|▎         | 41/1188 [00:30<13:55,  1.37it/s][A

  4%|▎         | 42/1188 [00:30<13:44,  1.39it/s][A

  4%|▎         | 43/1188 [00:31<13:47,  1.38it/s][A

  4%|▎         | 44/1188 [00:32<13:42,  1.39it/s][A

  4%|▍         | 45/1188 [00:33<13:39,  1.40it/s][A

  4%|▍         | 46/1188 [00:33<13:28,  1.41it/s][A

  4%|▍         | 47/1188 [00:34<13:39,  1.39it/s][A

  4%|▍         | 48/1188 [00:35<13:41,  1.39it/s][A

  4%|▍         | 49/1188 [00:35<13:30,  1.40it/s][A

  4%|▍         | 50/1188 [00:36<13:36,  1.39it/s][A

  4%|▍         | 51/1188 [00:37<13:48,  1.37it/s][A

  4%|▍         | 52/1188 [00:38<13:50,  1.37it/s][A

  4%|▍         | 53/1188 [00:38<14:07,  1.34it/s][A

  5%|▍         | 54/1188 [00:39<13:58,  1.35it/s][A

  5%|▍         | 55/1188 [00:40<14:05,  1.34it/s][A

  5%|▍         | 56/1188 [00:41<13:58,  1.35it/s][A

  5%|▍         | 57/1188 [00:41<13:54,  1.35it/s][A

  5%|▍         | 58/1188 [00:42<13:55,  1.35it/s][A

  5%|▍         | 59/1188 [00:43<13:43,  1.37it/s][A

  5%|▌         | 60/1188 [00:44<13:54,  1.35it/s][A

  5%|▌         | 61/1188 [00:44<13:59,  1.34it/s][A

  5%|▌         | 62/1188 [00:45<14:01,  1.34it/s][A

  5%|▌         | 63/1188 [00:46<13:52,  1.35it/s][A

  5%|▌         | 64/1188 [00:47<13:50,  1.35it/s][A

  5%|▌         | 65/1188 [00:47<13:52,  1.35it/s][A

  6%|▌         | 66/1188 [00:48<13:32,  1.38it/s][A

  6%|▌         | 67/1188 [00:49<13:40,  1.37it/s][A

  6%|▌         | 68/1188 [00:49<13:32,  1.38it/s][A

  6%|▌         | 69/1188 [00:50<13:28,  1.38it/s][A

  6%|▌         | 70/1188 [00:51<13:37,  1.37it/s][A

  6%|▌         | 71/1188 [00:52<13:48,  1.35it/s][A

  6%|▌         | 72/1188 [00:52<13:47,  1.35it/s][A

  6%|▌         | 73/1188 [00:53<13:41,  1.36it/s][A

  6%|▌         | 74/1188 [00:54<13:32,  1.37it/s][A

  6%|▋         | 75/1188 [00:55<13:29,  1.38it/s][A

  6%|▋         | 76/1188 [00:55<13:37,  1.36it/s][A

  6%|▋         | 77/1188 [00:56<13:51,  1.34it/s][A

  7%|▋         | 78/1188 [00:57<13:38,  1.36it/s][A

  7%|▋         | 79/1188 [00:58<13:28,  1.37it/s][A

  7%|▋         | 80/1188 [00:58<13:31,  1.36it/s][A

  7%|▋         | 81/1188 [00:59<13:28,  1.37it/s][A

  7%|▋         | 82/1188 [01:00<13:25,  1.37it/s][A

  7%|▋         | 83/1188 [01:00<13:28,  1.37it/s][A

  7%|▋         | 84/1188 [01:01<13:32,  1.36it/s][A

  7%|▋         | 85/1188 [01:02<13:38,  1.35it/s][A

  7%|▋         | 86/1188 [01:03<13:43,  1.34it/s][A

  7%|▋         | 87/1188 [01:03<13:40,  1.34it/s][A

  7%|▋         | 88/1188 [01:04<13:21,  1.37it/s][A

  7%|▋         | 89/1188 [01:05<13:21,  1.37it/s][A

  8%|▊         | 90/1188 [01:06<13:34,  1.35it/s][A

  8%|▊         | 91/1188 [01:06<13:40,  1.34it/s][A

  8%|▊         | 92/1188 [01:07<13:38,  1.34it/s][A

  8%|▊         | 93/1188 [01:08<13:42,  1.33it/s][A

  8%|▊         | 94/1188 [01:09<13:25,  1.36it/s][A

  8%|▊         | 95/1188 [01:09<13:08,  1.39it/s][A

  8%|▊         | 96/1188 [01:10<13:18,  1.37it/s][A

  8%|▊         | 97/1188 [01:11<13:16,  1.37it/s][A

  8%|▊         | 98/1188 [01:12<13:13,  1.37it/s][A

  8%|▊         | 99/1188 [01:12<13:20,  1.36it/s][A

  8%|▊         | 100/1188 [01:13<13:09,  1.38it/s][A

  9%|▊         | 101/1188 [01:14<13:18,  1.36it/s][A

  9%|▊         | 102/1188 [01:14<13:15,  1.36it/s][A

  9%|▊         | 103/1188 [01:15<13:15,  1.36it/s][A

  9%|▉         | 104/1188 [01:16<13:07,  1.38it/s][A

  9%|▉         | 105/1188 [01:17<13:06,  1.38it/s][A

  9%|▉         | 106/1188 [01:17<13:02,  1.38it/s][A

  9%|▉         | 107/1188 [01:18<13:12,  1.36it/s][A

  9%|▉         | 108/1188 [01:19<13:18,  1.35it/s][A

  9%|▉         | 109/1188 [01:20<13:11,  1.36it/s][A

  9%|▉         | 110/1188 [01:20<12:59,  1.38it/s][A

  9%|▉         | 111/1188 [01:21<13:09,  1.36it/s][A

  9%|▉         | 112/1188 [01:22<13:10,  1.36it/s][A

 10%|▉         | 113/1188 [01:23<13:15,  1.35it/s][A

 10%|▉         | 114/1188 [01:23<13:21,  1.34it/s][A

 10%|▉         | 115/1188 [01:24<13:36,  1.31it/s][A

 10%|▉         | 116/1188 [01:25<13:22,  1.34it/s][A

 10%|▉         | 117/1188 [01:26<13:27,  1.33it/s][A

 10%|▉         | 118/1188 [01:26<13:16,  1.34it/s][A

 10%|█         | 119/1188 [01:27<13:13,  1.35it/s][A

 10%|█         | 120/1188 [01:28<13:03,  1.36it/s][A

 10%|█         | 121/1188 [01:28<13:08,  1.35it/s][A

 10%|█         | 122/1188 [01:29<13:17,  1.34it/s][A

 10%|█         | 123/1188 [01:30<13:15,  1.34it/s][A

 10%|█         | 124/1188 [01:31<13:07,  1.35it/s][A

 11%|█         | 125/1188 [01:31<12:58,  1.37it/s][A

 11%|█         | 126/1188 [01:32<13:05,  1.35it/s][A

 11%|█         | 127/1188 [01:33<13:06,  1.35it/s][A

 11%|█         | 128/1188 [01:34<13:02,  1.35it/s][A

 11%|█         | 129/1188 [01:34<13:09,  1.34it/s][A

 11%|█         | 130/1188 [01:35<12:59,  1.36it/s][A

 11%|█         | 131/1188 [01:36<12:54,  1.37it/s][A

 11%|█         | 132/1188 [01:37<12:50,  1.37it/s][A

 11%|█         | 133/1188 [01:37<13:00,  1.35it/s][A

 11%|█▏        | 134/1188 [01:38<13:03,  1.35it/s][A

 11%|█▏        | 135/1188 [01:39<13:10,  1.33it/s][A

 11%|█▏        | 136/1188 [01:40<13:04,  1.34it/s][A

 12%|█▏        | 137/1188 [01:40<12:58,  1.35it/s][A

 12%|█▏        | 138/1188 [01:41<12:43,  1.38it/s][A

 12%|█▏        | 139/1188 [01:42<12:42,  1.38it/s][A

 12%|█▏        | 140/1188 [01:42<12:48,  1.36it/s][A

 12%|█▏        | 141/1188 [01:43<12:51,  1.36it/s][A

 12%|█▏        | 142/1188 [01:44<12:49,  1.36it/s][A

 12%|█▏        | 143/1188 [01:45<13:00,  1.34it/s][A

 12%|█▏        | 144/1188 [01:46<13:06,  1.33it/s][A

 12%|█▏        | 145/1188 [01:46<12:52,  1.35it/s][A

 12%|█▏        | 146/1188 [01:47<12:55,  1.34it/s][A

 12%|█▏        | 147/1188 [01:48<12:59,  1.34it/s][A

 12%|█▏        | 148/1188 [01:48<12:51,  1.35it/s][A

 13%|█▎        | 149/1188 [01:49<13:01,  1.33it/s][A

 13%|█▎        | 150/1188 [01:50<13:02,  1.33it/s][A

 13%|█▎        | 151/1188 [01:51<12:49,  1.35it/s][A

 13%|█▎        | 152/1188 [01:51<12:39,  1.36it/s][A

 13%|█▎        | 153/1188 [01:52<12:48,  1.35it/s][A

 13%|█▎        | 154/1188 [01:53<12:50,  1.34it/s][A

 13%|█▎        | 155/1188 [01:54<12:51,  1.34it/s][A

 13%|█▎        | 156/1188 [01:54<12:51,  1.34it/s][A

 13%|█▎        | 157/1188 [01:55<12:51,  1.34it/s][A

 13%|█▎        | 158/1188 [01:56<12:42,  1.35it/s][A

 13%|█▎        | 159/1188 [01:57<12:38,  1.36it/s][A

 13%|█▎        | 160/1188 [01:57<12:26,  1.38it/s][A

 14%|█▎        | 161/1188 [01:58<12:29,  1.37it/s][A

 14%|█▎        | 162/1188 [01:59<12:33,  1.36it/s][A

 14%|█▎        | 163/1188 [02:00<12:36,  1.36it/s][A

 14%|█▍        | 164/1188 [02:00<12:31,  1.36it/s][A

 14%|█▍        | 165/1188 [02:01<12:31,  1.36it/s][A

 14%|█▍        | 166/1188 [02:02<12:43,  1.34it/s][A

 14%|█▍        | 167/1188 [02:03<12:38,  1.35it/s][A

 14%|█▍        | 168/1188 [02:03<12:35,  1.35it/s][A

 14%|█▍        | 169/1188 [02:04<12:34,  1.35it/s][A

 14%|█▍        | 170/1188 [02:05<12:17,  1.38it/s][A

 14%|█▍        | 171/1188 [02:05<12:24,  1.37it/s][A

 14%|█▍        | 172/1188 [02:06<12:16,  1.38it/s][A

 15%|█▍        | 173/1188 [02:07<12:28,  1.36it/s][A

 15%|█▍        | 174/1188 [02:08<12:27,  1.36it/s][A

 15%|█▍        | 175/1188 [02:08<12:41,  1.33it/s][A

 15%|█▍        | 176/1188 [02:09<12:39,  1.33it/s][A

 15%|█▍        | 177/1188 [02:10<12:38,  1.33it/s][A

 15%|█▍        | 178/1188 [02:11<12:32,  1.34it/s][A

 15%|█▌        | 179/1188 [02:11<12:26,  1.35it/s][A

 15%|█▌        | 180/1188 [02:12<12:10,  1.38it/s][A

 15%|█▌        | 181/1188 [02:13<12:05,  1.39it/s][A

 15%|█▌        | 182/1188 [02:14<12:03,  1.39it/s][A

 15%|█▌        | 183/1188 [02:14<11:59,  1.40it/s][A

 15%|█▌        | 184/1188 [02:15<12:20,  1.36it/s][A

 16%|█▌        | 185/1188 [02:16<12:26,  1.34it/s][A

 16%|█▌        | 186/1188 [02:16<12:12,  1.37it/s][A

 16%|█▌        | 187/1188 [02:17<12:12,  1.37it/s][A

 16%|█▌        | 188/1188 [02:18<12:06,  1.38it/s][A

 16%|█▌        | 189/1188 [02:19<12:08,  1.37it/s][A

 16%|█▌        | 190/1188 [02:19<12:07,  1.37it/s][A

 16%|█▌        | 191/1188 [02:20<12:11,  1.36it/s][A

 16%|█▌        | 192/1188 [02:21<12:06,  1.37it/s][A

 16%|█▌        | 193/1188 [02:22<12:22,  1.34it/s][A

 16%|█▋        | 194/1188 [02:22<12:17,  1.35it/s][A

 16%|█▋        | 195/1188 [02:23<12:29,  1.32it/s][A

 16%|█▋        | 196/1188 [02:24<12:20,  1.34it/s][A

 17%|█▋        | 197/1188 [02:25<12:21,  1.34it/s][A

 17%|█▋        | 198/1188 [02:25<12:00,  1.37it/s][A

 17%|█▋        | 199/1188 [02:26<11:56,  1.38it/s][A

 17%|█▋        | 200/1188 [02:27<11:48,  1.39it/s][A

 17%|█▋        | 201/1188 [02:28<12:13,  1.35it/s][A

 17%|█▋        | 202/1188 [02:28<12:18,  1.34it/s][A

 17%|█▋        | 203/1188 [02:29<12:25,  1.32it/s][A

 17%|█▋        | 204/1188 [02:30<12:41,  1.29it/s][A

 17%|█▋        | 205/1188 [02:31<12:28,  1.31it/s][A

 17%|█▋        | 206/1188 [02:31<12:21,  1.32it/s][A

 17%|█▋        | 207/1188 [02:32<12:14,  1.34it/s][A

 18%|█▊        | 208/1188 [02:33<12:17,  1.33it/s][A

 18%|█▊        | 209/1188 [02:34<12:14,  1.33it/s][A

 18%|█▊        | 210/1188 [02:34<12:26,  1.31it/s][A

 18%|█▊        | 211/1188 [02:35<12:24,  1.31it/s][A

 18%|█▊        | 212/1188 [02:36<12:13,  1.33it/s][A

 18%|█▊        | 213/1188 [02:37<12:11,  1.33it/s][A

 18%|█▊        | 214/1188 [02:37<12:21,  1.31it/s][A

 18%|█▊        | 215/1188 [02:38<12:17,  1.32it/s][A

 18%|█▊        | 216/1188 [02:39<12:11,  1.33it/s][A

 18%|█▊        | 217/1188 [02:40<12:03,  1.34it/s][A

 18%|█▊        | 218/1188 [02:40<11:47,  1.37it/s][A

 18%|█▊        | 219/1188 [02:41<11:58,  1.35it/s][A

 19%|█▊        | 220/1188 [02:42<11:54,  1.35it/s][A

 19%|█▊        | 221/1188 [02:43<11:46,  1.37it/s][A

 19%|█▊        | 222/1188 [02:43<11:39,  1.38it/s][A

 19%|█▉        | 223/1188 [02:44<11:47,  1.36it/s][A

 19%|█▉        | 224/1188 [02:45<11:48,  1.36it/s][A

 19%|█▉        | 225/1188 [02:45<11:47,  1.36it/s][A

 19%|█▉        | 226/1188 [02:46<11:30,  1.39it/s][A

 19%|█▉        | 227/1188 [02:47<11:33,  1.39it/s][A

 19%|█▉        | 228/1188 [02:48<11:31,  1.39it/s][A

 19%|█▉        | 229/1188 [02:48<11:45,  1.36it/s][A

 19%|█▉        | 230/1188 [02:49<11:46,  1.36it/s][A

 19%|█▉        | 231/1188 [02:50<11:57,  1.33it/s][A

 20%|█▉        | 232/1188 [02:51<11:39,  1.37it/s][A

 20%|█▉        | 233/1188 [02:51<11:52,  1.34it/s][A

 20%|█▉        | 234/1188 [02:52<11:48,  1.35it/s][A

 20%|█▉        | 235/1188 [02:53<11:52,  1.34it/s][A

 20%|█▉        | 236/1188 [02:54<11:37,  1.36it/s][A

 20%|█▉        | 237/1188 [02:54<11:30,  1.38it/s][A

 20%|██        | 238/1188 [02:55<11:38,  1.36it/s][A

 20%|██        | 239/1188 [02:56<11:40,  1.35it/s][A

 20%|██        | 240/1188 [02:56<11:37,  1.36it/s][A

 20%|██        | 241/1188 [02:57<11:53,  1.33it/s][A

 20%|██        | 242/1188 [02:58<11:50,  1.33it/s][A

 20%|██        | 243/1188 [02:59<11:49,  1.33it/s][A

 21%|██        | 244/1188 [02:59<11:31,  1.37it/s][A

 21%|██        | 245/1188 [03:00<11:38,  1.35it/s][A

 21%|██        | 246/1188 [03:01<11:39,  1.35it/s][A

 21%|██        | 247/1188 [03:02<11:45,  1.33it/s][A

 21%|██        | 248/1188 [03:02<11:37,  1.35it/s][A

 21%|██        | 249/1188 [03:03<11:27,  1.37it/s][A

 21%|██        | 250/1188 [03:04<11:28,  1.36it/s][A

 21%|██        | 251/1188 [03:05<11:27,  1.36it/s][A

 21%|██        | 252/1188 [03:05<11:31,  1.35it/s][A

 21%|██▏       | 253/1188 [03:06<11:47,  1.32it/s][A

 21%|██▏       | 254/1188 [03:07<11:32,  1.35it/s][A

 21%|██▏       | 255/1188 [03:08<11:30,  1.35it/s][A

 22%|██▏       | 256/1188 [03:08<11:15,  1.38it/s][A

 22%|██▏       | 257/1188 [03:09<11:14,  1.38it/s][A

 22%|██▏       | 258/1188 [03:10<11:11,  1.39it/s][A

 22%|██▏       | 259/1188 [03:11<11:30,  1.35it/s][A

 22%|██▏       | 260/1188 [03:11<11:34,  1.34it/s][A

 22%|██▏       | 261/1188 [03:12<11:35,  1.33it/s][A

 22%|██▏       | 262/1188 [03:13<11:31,  1.34it/s][A

 22%|██▏       | 263/1188 [03:14<11:37,  1.33it/s][A

 22%|██▏       | 264/1188 [03:14<11:19,  1.36it/s][A

 22%|██▏       | 265/1188 [03:15<11:20,  1.36it/s][A

 22%|██▏       | 266/1188 [03:16<11:16,  1.36it/s][A

 22%|██▏       | 267/1188 [03:17<11:29,  1.34it/s][A

 23%|██▎       | 268/1188 [03:17<11:13,  1.37it/s][A

 23%|██▎       | 269/1188 [03:18<11:10,  1.37it/s][A

 23%|██▎       | 270/1188 [03:19<11:02,  1.39it/s][A

 23%|██▎       | 271/1188 [03:19<10:53,  1.40it/s][A

 23%|██▎       | 272/1188 [03:20<11:04,  1.38it/s][A

 23%|██▎       | 273/1188 [03:21<11:03,  1.38it/s][A

 23%|██▎       | 274/1188 [03:22<11:10,  1.36it/s][A

 23%|██▎       | 275/1188 [03:22<11:22,  1.34it/s][A

 23%|██▎       | 276/1188 [03:23<11:11,  1.36it/s][A

 23%|██▎       | 277/1188 [03:24<11:19,  1.34it/s][A

 23%|██▎       | 278/1188 [03:25<11:15,  1.35it/s][A

 23%|██▎       | 279/1188 [03:25<11:08,  1.36it/s][A

 24%|██▎       | 280/1188 [03:26<10:47,  1.40it/s][A

 24%|██▎       | 281/1188 [03:27<11:07,  1.36it/s][A

 24%|██▎       | 282/1188 [03:27<10:56,  1.38it/s][A

 24%|██▍       | 283/1188 [03:28<11:12,  1.35it/s][A

 24%|██▍       | 284/1188 [03:29<11:04,  1.36it/s][A

 24%|██▍       | 285/1188 [03:30<11:03,  1.36it/s][A

 24%|██▍       | 286/1188 [03:30<11:04,  1.36it/s][A

 24%|██▍       | 287/1188 [03:31<11:08,  1.35it/s][A

 24%|██▍       | 288/1188 [03:32<10:54,  1.38it/s][A

 24%|██▍       | 289/1188 [03:33<10:56,  1.37it/s][A

 24%|██▍       | 290/1188 [03:33<10:48,  1.38it/s][A

 24%|██▍       | 291/1188 [03:34<10:52,  1.37it/s][A

 25%|██▍       | 292/1188 [03:35<11:04,  1.35it/s][A

 25%|██▍       | 293/1188 [03:36<11:11,  1.33it/s][A

 25%|██▍       | 294/1188 [03:36<11:02,  1.35it/s][A

 25%|██▍       | 295/1188 [03:37<11:01,  1.35it/s][A

 25%|██▍       | 296/1188 [03:38<10:41,  1.39it/s][A

 25%|██▌       | 297/1188 [03:38<10:52,  1.37it/s][A

 25%|██▌       | 298/1188 [03:39<10:54,  1.36it/s][A

 25%|██▌       | 299/1188 [03:40<11:03,  1.34it/s][A

 25%|██▌       | 300/1188 [03:41<11:03,  1.34it/s][A

 25%|██▌       | 301/1188 [03:41<11:04,  1.34it/s][A

 25%|██▌       | 302/1188 [03:42<10:59,  1.34it/s][A

 26%|██▌       | 303/1188 [03:43<10:44,  1.37it/s][A

 26%|██▌       | 304/1188 [03:44<10:48,  1.36it/s][A

 26%|██▌       | 305/1188 [03:44<10:54,  1.35it/s][A

 26%|██▌       | 306/1188 [03:45<10:50,  1.36it/s][A

 26%|██▌       | 307/1188 [03:46<10:54,  1.35it/s][A

 26%|██▌       | 308/1188 [03:47<10:46,  1.36it/s][A

 26%|██▌       | 309/1188 [03:47<10:51,  1.35it/s][A

 26%|██▌       | 310/1188 [03:48<10:56,  1.34it/s][A

 26%|██▌       | 311/1188 [03:49<10:51,  1.35it/s][A

 26%|██▋       | 312/1188 [03:50<10:56,  1.34it/s][A

 26%|██▋       | 313/1188 [03:50<10:55,  1.34it/s][A

 26%|██▋       | 314/1188 [03:51<11:03,  1.32it/s][A

 27%|██▋       | 315/1188 [03:52<11:04,  1.31it/s][A

 27%|██▋       | 316/1188 [03:53<10:59,  1.32it/s][A

 27%|██▋       | 317/1188 [03:53<10:58,  1.32it/s][A

 27%|██▋       | 318/1188 [03:54<10:58,  1.32it/s][A

 27%|██▋       | 319/1188 [03:55<10:50,  1.34it/s][A

 27%|██▋       | 320/1188 [03:56<10:55,  1.32it/s][A

 27%|██▋       | 321/1188 [03:56<10:55,  1.32it/s][A

 27%|██▋       | 322/1188 [03:57<10:36,  1.36it/s][A

 27%|██▋       | 323/1188 [03:58<10:47,  1.34it/s][A

 27%|██▋       | 324/1188 [03:59<10:41,  1.35it/s][A

 27%|██▋       | 325/1188 [03:59<10:45,  1.34it/s][A

 27%|██▋       | 326/1188 [04:00<10:42,  1.34it/s][A

 28%|██▊       | 327/1188 [04:01<10:43,  1.34it/s][A

 28%|██▊       | 328/1188 [04:02<10:22,  1.38it/s][A

 28%|██▊       | 329/1188 [04:02<10:26,  1.37it/s][A

 28%|██▊       | 330/1188 [04:03<10:23,  1.38it/s][A

 28%|██▊       | 331/1188 [04:04<10:32,  1.35it/s][A

 28%|██▊       | 332/1188 [04:05<10:24,  1.37it/s][A

 28%|██▊       | 333/1188 [04:05<10:23,  1.37it/s][A

 28%|██▊       | 334/1188 [04:06<10:22,  1.37it/s][A

 28%|██▊       | 335/1188 [04:07<10:28,  1.36it/s][A

 28%|██▊       | 336/1188 [04:07<10:28,  1.36it/s][A

 28%|██▊       | 337/1188 [04:08<10:25,  1.36it/s][A

 28%|██▊       | 338/1188 [04:09<10:24,  1.36it/s][A

 29%|██▊       | 339/1188 [04:10<10:21,  1.37it/s][A

 29%|██▊       | 340/1188 [04:10<10:17,  1.37it/s][A

 29%|██▊       | 341/1188 [04:11<10:17,  1.37it/s][A

 29%|██▉       | 342/1188 [04:12<10:03,  1.40it/s][A

 29%|██▉       | 343/1188 [04:12<10:00,  1.41it/s][A

 29%|██▉       | 344/1188 [04:13<10:12,  1.38it/s][A

 29%|██▉       | 345/1188 [04:14<10:23,  1.35it/s][A

 29%|██▉       | 346/1188 [04:15<10:29,  1.34it/s][A

 29%|██▉       | 347/1188 [04:16<10:29,  1.34it/s][A

 29%|██▉       | 348/1188 [04:16<10:16,  1.36it/s][A

 29%|██▉       | 349/1188 [04:17<10:20,  1.35it/s][A

 29%|██▉       | 350/1188 [04:18<10:23,  1.34it/s][A

 30%|██▉       | 351/1188 [04:18<10:25,  1.34it/s][A

 30%|██▉       | 352/1188 [04:19<10:13,  1.36it/s][A

 30%|██▉       | 353/1188 [04:20<10:21,  1.34it/s][A

 30%|██▉       | 354/1188 [04:21<10:13,  1.36it/s][A

 30%|██▉       | 355/1188 [04:21<10:10,  1.36it/s][A

 30%|██▉       | 356/1188 [04:22<10:05,  1.37it/s][A

 30%|███       | 357/1188 [04:23<10:18,  1.34it/s][A

 30%|███       | 358/1188 [04:24<10:17,  1.34it/s][A

 30%|███       | 359/1188 [04:24<10:11,  1.36it/s][A

 30%|███       | 360/1188 [04:25<10:08,  1.36it/s][A

 30%|███       | 361/1188 [04:26<09:59,  1.38it/s][A

 30%|███       | 362/1188 [04:27<10:08,  1.36it/s][A

 31%|███       | 363/1188 [04:27<10:15,  1.34it/s][A

 31%|███       | 364/1188 [04:28<10:18,  1.33it/s][A

 31%|███       | 365/1188 [04:29<10:21,  1.32it/s][A

 31%|███       | 366/1188 [04:30<10:13,  1.34it/s][A

 31%|███       | 367/1188 [04:30<10:15,  1.33it/s][A

 31%|███       | 368/1188 [04:31<10:05,  1.35it/s][A

 31%|███       | 369/1188 [04:32<10:14,  1.33it/s][A

 31%|███       | 370/1188 [04:33<10:07,  1.35it/s][A

 31%|███       | 371/1188 [04:33<10:05,  1.35it/s][A

 31%|███▏      | 372/1188 [04:34<09:58,  1.36it/s][A

 31%|███▏      | 373/1188 [04:35<10:10,  1.33it/s][A

 31%|███▏      | 374/1188 [04:36<10:04,  1.35it/s][A

 32%|███▏      | 375/1188 [04:36<09:59,  1.36it/s][A

 32%|███▏      | 376/1188 [04:37<10:00,  1.35it/s][A

 32%|███▏      | 377/1188 [04:38<09:58,  1.35it/s][A

 32%|███▏      | 378/1188 [04:38<09:58,  1.35it/s][A

 32%|███▏      | 379/1188 [04:39<10:03,  1.34it/s][A

 32%|███▏      | 380/1188 [04:40<09:55,  1.36it/s][A

 32%|███▏      | 381/1188 [04:41<10:11,  1.32it/s][A

 32%|███▏      | 382/1188 [04:41<10:02,  1.34it/s][A

 32%|███▏      | 383/1188 [04:42<10:03,  1.33it/s][A

 32%|███▏      | 384/1188 [04:43<09:58,  1.34it/s][A

 32%|███▏      | 385/1188 [04:44<09:54,  1.35it/s][A

 32%|███▏      | 386/1188 [04:44<09:34,  1.40it/s][A

 33%|███▎      | 387/1188 [04:45<09:35,  1.39it/s][A

 33%|███▎      | 388/1188 [04:46<09:34,  1.39it/s][A

 33%|███▎      | 389/1188 [04:47<09:41,  1.37it/s][A

 33%|███▎      | 390/1188 [04:47<09:34,  1.39it/s][A

 33%|███▎      | 391/1188 [04:48<09:46,  1.36it/s][A

 33%|███▎      | 392/1188 [04:49<09:50,  1.35it/s][A

 33%|███▎      | 393/1188 [04:50<09:55,  1.34it/s][A

 33%|███▎      | 394/1188 [04:50<09:45,  1.36it/s][A

 33%|███▎      | 395/1188 [04:51<09:44,  1.36it/s][A

 33%|███▎      | 396/1188 [04:52<09:32,  1.38it/s][A

 33%|███▎      | 397/1188 [04:52<09:28,  1.39it/s][A

 34%|███▎      | 398/1188 [04:53<09:25,  1.40it/s][A

 34%|███▎      | 399/1188 [04:54<09:22,  1.40it/s][A

 34%|███▎      | 400/1188 [04:55<09:29,  1.38it/s][A

 34%|███▍      | 401/1188 [04:55<09:41,  1.35it/s][A

 34%|███▍      | 402/1188 [04:56<09:45,  1.34it/s][A

 34%|███▍      | 403/1188 [04:57<09:51,  1.33it/s][A

 34%|███▍      | 404/1188 [04:58<09:40,  1.35it/s][A

 34%|███▍      | 405/1188 [04:58<09:44,  1.34it/s][A

 34%|███▍      | 406/1188 [04:59<09:41,  1.35it/s][A

 34%|███▍      | 407/1188 [05:00<09:37,  1.35it/s][A

 34%|███▍      | 408/1188 [05:01<09:38,  1.35it/s][A

 34%|███▍      | 409/1188 [05:01<09:32,  1.36it/s][A

 35%|███▍      | 410/1188 [05:02<09:35,  1.35it/s][A

 35%|███▍      | 411/1188 [05:03<09:44,  1.33it/s][A

 35%|███▍      | 412/1188 [05:04<09:54,  1.30it/s][A

 35%|███▍      | 413/1188 [05:04<09:50,  1.31it/s][A

 35%|███▍      | 414/1188 [05:05<09:43,  1.33it/s][A

 35%|███▍      | 415/1188 [05:06<09:40,  1.33it/s][A

 35%|███▌      | 416/1188 [05:07<09:26,  1.36it/s][A

 35%|███▌      | 417/1188 [05:07<09:42,  1.32it/s][A

 35%|███▌      | 418/1188 [05:08<09:38,  1.33it/s][A

 35%|███▌      | 419/1188 [05:09<09:43,  1.32it/s][A

 35%|███▌      | 420/1188 [05:10<09:46,  1.31it/s][A

 35%|███▌      | 421/1188 [05:10<09:40,  1.32it/s][A

 36%|███▌      | 422/1188 [05:11<09:32,  1.34it/s][A

 36%|███▌      | 423/1188 [05:12<09:29,  1.34it/s][A

 36%|███▌      | 424/1188 [05:13<09:26,  1.35it/s][A

 36%|███▌      | 425/1188 [05:13<09:32,  1.33it/s][A

 36%|███▌      | 426/1188 [05:14<09:21,  1.36it/s][A

 36%|███▌      | 427/1188 [05:15<09:14,  1.37it/s][A

 36%|███▌      | 428/1188 [05:15<09:17,  1.36it/s][A

 36%|███▌      | 429/1188 [05:16<09:22,  1.35it/s][A

 36%|███▌      | 430/1188 [05:17<09:21,  1.35it/s][A

 36%|███▋      | 431/1188 [05:18<09:22,  1.35it/s][A

 36%|███▋      | 432/1188 [05:18<09:13,  1.37it/s][A

 36%|███▋      | 433/1188 [05:19<09:17,  1.36it/s][A

 37%|███▋      | 434/1188 [05:20<09:19,  1.35it/s][A

 37%|███▋      | 435/1188 [05:21<09:26,  1.33it/s][A

 37%|███▋      | 436/1188 [05:21<09:20,  1.34it/s][A

 37%|███▋      | 437/1188 [05:22<09:14,  1.35it/s][A

 37%|███▋      | 438/1188 [05:23<09:01,  1.38it/s][A

 37%|███▋      | 439/1188 [05:24<09:05,  1.37it/s][A

 37%|███▋      | 440/1188 [05:24<09:06,  1.37it/s][A

 37%|███▋      | 441/1188 [05:25<09:22,  1.33it/s][A

 37%|███▋      | 442/1188 [05:26<09:16,  1.34it/s][A

 37%|███▋      | 443/1188 [05:27<09:14,  1.34it/s][A

 37%|███▋      | 444/1188 [05:27<09:12,  1.35it/s][A

 37%|███▋      | 445/1188 [05:28<09:08,  1.36it/s][A

 38%|███▊      | 446/1188 [05:29<09:11,  1.35it/s][A

 38%|███▊      | 447/1188 [05:30<09:13,  1.34it/s][A

 38%|███▊      | 448/1188 [05:30<09:06,  1.35it/s][A

 38%|███▊      | 449/1188 [05:31<09:06,  1.35it/s][A

 38%|███▊      | 450/1188 [05:32<09:07,  1.35it/s][A

 38%|███▊      | 451/1188 [05:33<09:05,  1.35it/s][A

 38%|███▊      | 452/1188 [05:33<09:01,  1.36it/s][A

 38%|███▊      | 453/1188 [05:34<09:05,  1.35it/s][A

 38%|███▊      | 454/1188 [05:35<08:59,  1.36it/s][A

 38%|███▊      | 455/1188 [05:36<09:07,  1.34it/s][A

 38%|███▊      | 456/1188 [05:36<09:05,  1.34it/s][A

 38%|███▊      | 457/1188 [05:37<09:10,  1.33it/s][A

 39%|███▊      | 458/1188 [05:38<09:05,  1.34it/s][A

 39%|███▊      | 459/1188 [05:38<08:53,  1.37it/s][A

 39%|███▊      | 460/1188 [05:39<08:55,  1.36it/s][A

 39%|███▉      | 461/1188 [05:40<08:59,  1.35it/s][A

 39%|███▉      | 462/1188 [05:41<09:02,  1.34it/s][A

 39%|███▉      | 463/1188 [05:41<09:04,  1.33it/s][A

 39%|███▉      | 464/1188 [05:42<09:05,  1.33it/s][A

 39%|███▉      | 465/1188 [05:43<09:01,  1.34it/s][A

 39%|███▉      | 466/1188 [05:44<09:16,  1.30it/s][A

 39%|███▉      | 467/1188 [05:45<09:08,  1.32it/s][A

 39%|███▉      | 468/1188 [05:45<08:59,  1.34it/s][A

 39%|███▉      | 469/1188 [05:46<09:03,  1.32it/s][A

 40%|███▉      | 470/1188 [05:47<08:54,  1.34it/s][A

 40%|███▉      | 471/1188 [05:47<08:53,  1.34it/s][A

 40%|███▉      | 472/1188 [05:48<08:51,  1.35it/s][A

 40%|███▉      | 473/1188 [05:49<08:49,  1.35it/s][A

 40%|███▉      | 474/1188 [05:50<08:35,  1.39it/s][A

 40%|███▉      | 475/1188 [05:50<08:41,  1.37it/s][A

 40%|████      | 476/1188 [05:51<08:44,  1.36it/s][A

 40%|████      | 477/1188 [05:52<08:47,  1.35it/s][A

 40%|████      | 478/1188 [05:53<08:37,  1.37it/s][A

 40%|████      | 479/1188 [05:53<08:42,  1.36it/s][A

 40%|████      | 480/1188 [05:54<08:30,  1.39it/s][A

 40%|████      | 481/1188 [05:55<08:29,  1.39it/s][A

 41%|████      | 482/1188 [05:56<08:33,  1.37it/s][A

 41%|████      | 483/1188 [05:56<08:36,  1.37it/s][A

 41%|████      | 484/1188 [05:57<08:35,  1.37it/s][A

 41%|████      | 485/1188 [05:58<08:41,  1.35it/s][A

 41%|████      | 486/1188 [05:58<08:33,  1.37it/s][A

 41%|████      | 487/1188 [05:59<08:32,  1.37it/s][A

 41%|████      | 488/1188 [06:00<08:29,  1.37it/s][A

 41%|████      | 489/1188 [06:01<08:28,  1.37it/s][A

 41%|████      | 490/1188 [06:01<08:39,  1.34it/s][A

 41%|████▏     | 491/1188 [06:02<08:44,  1.33it/s][A

 41%|████▏     | 492/1188 [06:03<08:46,  1.32it/s][A

 41%|████▏     | 493/1188 [06:04<08:40,  1.34it/s][A

 42%|████▏     | 494/1188 [06:04<08:32,  1.35it/s][A

 42%|████▏     | 495/1188 [06:05<08:32,  1.35it/s][A

 42%|████▏     | 496/1188 [06:06<08:42,  1.32it/s][A

 42%|████▏     | 497/1188 [06:07<08:45,  1.32it/s][A

 42%|████▏     | 498/1188 [06:07<08:39,  1.33it/s][A

 42%|████▏     | 499/1188 [06:08<08:37,  1.33it/s][A

 42%|████▏     | 500/1188 [06:09<08:28,  1.35it/s][A

 42%|████▏     | 501/1188 [06:10<08:15,  1.39it/s][A

 42%|████▏     | 502/1188 [06:10<08:10,  1.40it/s][A

 42%|████▏     | 503/1188 [06:11<08:22,  1.36it/s][A

 42%|████▏     | 504/1188 [06:12<08:23,  1.36it/s][A

 43%|████▎     | 505/1188 [06:13<08:26,  1.35it/s][A

 43%|████▎     | 506/1188 [06:13<08:28,  1.34it/s][A

 43%|████▎     | 507/1188 [06:14<08:21,  1.36it/s][A

 43%|████▎     | 508/1188 [06:15<08:13,  1.38it/s][A

 43%|████▎     | 509/1188 [06:15<08:19,  1.36it/s][A

 43%|████▎     | 510/1188 [06:16<08:15,  1.37it/s][A

 43%|████▎     | 511/1188 [06:17<08:27,  1.33it/s][A

 43%|████▎     | 512/1188 [06:18<08:21,  1.35it/s][A

 43%|████▎     | 513/1188 [06:18<08:28,  1.33it/s][A

 43%|████▎     | 514/1188 [06:19<08:15,  1.36it/s][A

 43%|████▎     | 515/1188 [06:20<08:16,  1.36it/s][A

 43%|████▎     | 516/1188 [06:21<08:09,  1.37it/s][A

 44%|████▎     | 517/1188 [06:21<08:17,  1.35it/s][A

 44%|████▎     | 518/1188 [06:22<08:21,  1.34it/s][A

 44%|████▎     | 519/1188 [06:23<08:22,  1.33it/s][A

 44%|████▍     | 520/1188 [06:24<08:19,  1.34it/s][A

 44%|████▍     | 521/1188 [06:24<08:15,  1.35it/s][A

 44%|████▍     | 522/1188 [06:25<08:14,  1.35it/s][A

 44%|████▍     | 523/1188 [06:26<08:26,  1.31it/s][A

 44%|████▍     | 524/1188 [06:27<08:23,  1.32it/s][A

 44%|████▍     | 525/1188 [06:27<08:25,  1.31it/s][A

 44%|████▍     | 526/1188 [06:28<08:12,  1.34it/s][A

 44%|████▍     | 527/1188 [06:29<08:01,  1.37it/s][A

 44%|████▍     | 528/1188 [06:30<07:48,  1.41it/s][A

 45%|████▍     | 529/1188 [06:30<07:54,  1.39it/s][A

 45%|████▍     | 530/1188 [06:31<07:49,  1.40it/s][A

 45%|████▍     | 531/1188 [06:32<07:53,  1.39it/s][A

 45%|████▍     | 532/1188 [06:32<07:47,  1.40it/s][A

 45%|████▍     | 533/1188 [06:33<07:49,  1.40it/s][A

 45%|████▍     | 534/1188 [06:34<07:47,  1.40it/s][A

 45%|████▌     | 535/1188 [06:35<07:46,  1.40it/s][A

 45%|████▌     | 536/1188 [06:35<07:42,  1.41it/s][A

 45%|████▌     | 537/1188 [06:36<07:53,  1.37it/s][A

 45%|████▌     | 538/1188 [06:37<07:54,  1.37it/s][A

 45%|████▌     | 539/1188 [06:38<08:03,  1.34it/s][A

 45%|████▌     | 540/1188 [06:38<07:55,  1.36it/s][A

 46%|████▌     | 541/1188 [06:39<07:54,  1.36it/s][A

 46%|████▌     | 542/1188 [06:40<07:56,  1.36it/s][A

 46%|████▌     | 543/1188 [06:40<07:58,  1.35it/s][A

 46%|████▌     | 544/1188 [06:41<07:56,  1.35it/s][A

 46%|████▌     | 545/1188 [06:42<07:58,  1.34it/s][A

 46%|████▌     | 546/1188 [06:43<07:57,  1.34it/s][A

 46%|████▌     | 547/1188 [06:43<07:59,  1.34it/s][A

 46%|████▌     | 548/1188 [06:44<07:54,  1.35it/s][A

 46%|████▌     | 549/1188 [06:45<07:58,  1.34it/s][A

 46%|████▋     | 550/1188 [06:46<07:51,  1.35it/s][A

 46%|████▋     | 551/1188 [06:46<07:52,  1.35it/s][A

 46%|████▋     | 552/1188 [06:47<07:45,  1.37it/s][A

 47%|████▋     | 553/1188 [06:48<07:52,  1.35it/s][A

 47%|████▋     | 554/1188 [06:49<07:49,  1.35it/s][A

 47%|████▋     | 555/1188 [06:49<07:57,  1.33it/s][A

 47%|████▋     | 556/1188 [06:50<07:48,  1.35it/s][A

 47%|████▋     | 557/1188 [06:51<07:47,  1.35it/s][A

 47%|████▋     | 558/1188 [06:52<07:37,  1.38it/s][A

 47%|████▋     | 559/1188 [06:52<07:30,  1.40it/s][A

 47%|████▋     | 560/1188 [06:53<07:36,  1.37it/s][A

 47%|████▋     | 561/1188 [06:54<07:40,  1.36it/s][A

 47%|████▋     | 562/1188 [06:55<07:44,  1.35it/s][A

 47%|████▋     | 563/1188 [06:55<07:43,  1.35it/s][A

 47%|████▋     | 564/1188 [06:56<07:34,  1.37it/s][A

 48%|████▊     | 565/1188 [06:57<07:45,  1.34it/s][A

 48%|████▊     | 566/1188 [06:57<07:38,  1.36it/s][A

 48%|████▊     | 567/1188 [06:58<07:41,  1.35it/s][A

 48%|████▊     | 568/1188 [06:59<07:37,  1.36it/s][A

 48%|████▊     | 569/1188 [07:00<07:35,  1.36it/s][A

 48%|████▊     | 570/1188 [07:00<07:26,  1.39it/s][A

 48%|████▊     | 571/1188 [07:01<07:34,  1.36it/s][A

 48%|████▊     | 572/1188 [07:02<07:30,  1.37it/s][A

 48%|████▊     | 573/1188 [07:03<07:35,  1.35it/s][A

 48%|████▊     | 574/1188 [07:03<07:30,  1.36it/s][A

 48%|████▊     | 575/1188 [07:04<07:30,  1.36it/s][A

 48%|████▊     | 576/1188 [07:05<07:32,  1.35it/s][A

 49%|████▊     | 577/1188 [07:06<07:31,  1.35it/s][A

 49%|████▊     | 578/1188 [07:06<07:20,  1.39it/s][A

 49%|████▊     | 579/1188 [07:07<07:15,  1.40it/s][A

 49%|████▉     | 580/1188 [07:08<07:14,  1.40it/s][A

 49%|████▉     | 581/1188 [07:08<07:20,  1.38it/s][A

 49%|████▉     | 582/1188 [07:09<07:17,  1.39it/s][A

 49%|████▉     | 583/1188 [07:10<07:25,  1.36it/s][A

 49%|████▉     | 584/1188 [07:11<07:29,  1.34it/s][A

 49%|████▉     | 585/1188 [07:11<07:30,  1.34it/s][A

 49%|████▉     | 586/1188 [07:12<07:25,  1.35it/s][A

 49%|████▉     | 587/1188 [07:13<07:18,  1.37it/s][A

 49%|████▉     | 588/1188 [07:14<07:11,  1.39it/s][A

 50%|████▉     | 589/1188 [07:14<07:21,  1.36it/s][A

 50%|████▉     | 590/1188 [07:15<07:28,  1.33it/s][A

 50%|████▉     | 591/1188 [07:16<07:28,  1.33it/s][A

 50%|████▉     | 592/1188 [07:17<07:20,  1.35it/s][A

 50%|████▉     | 593/1188 [07:17<07:26,  1.33it/s][A

 50%|█████     | 594/1188 [07:18<07:14,  1.37it/s][A

 50%|█████     | 595/1188 [07:19<07:25,  1.33it/s][A

 50%|█████     | 596/1188 [07:20<07:26,  1.33it/s][A

 50%|█████     | 597/1188 [07:20<07:25,  1.33it/s][A

 50%|█████     | 598/1188 [07:21<07:19,  1.34it/s][A

 50%|█████     | 599/1188 [07:22<07:11,  1.36it/s][A

 51%|█████     | 600/1188 [07:23<07:16,  1.35it/s][A

 51%|█████     | 601/1188 [07:23<07:22,  1.33it/s][A

 51%|█████     | 602/1188 [07:24<07:20,  1.33it/s][A

 51%|█████     | 603/1188 [07:25<07:18,  1.33it/s][A

 51%|█████     | 604/1188 [07:26<07:09,  1.36it/s][A

 51%|█████     | 605/1188 [07:26<07:05,  1.37it/s][A

 51%|█████     | 606/1188 [07:27<07:03,  1.37it/s][A

 51%|█████     | 607/1188 [07:28<07:04,  1.37it/s][A

 51%|█████     | 608/1188 [07:28<07:04,  1.37it/s][A

 51%|█████▏    | 609/1188 [07:29<07:12,  1.34it/s][A

 51%|█████▏    | 610/1188 [07:30<07:18,  1.32it/s][A

 51%|█████▏    | 611/1188 [07:31<07:13,  1.33it/s][A

 52%|█████▏    | 612/1188 [07:31<07:07,  1.35it/s][A

 52%|█████▏    | 613/1188 [07:32<07:00,  1.37it/s][A

 52%|█████▏    | 614/1188 [07:33<07:05,  1.35it/s][A

 52%|█████▏    | 615/1188 [07:34<07:05,  1.35it/s][A

 52%|█████▏    | 616/1188 [07:34<06:57,  1.37it/s][A

 52%|█████▏    | 617/1188 [07:35<07:03,  1.35it/s][A

 52%|█████▏    | 618/1188 [07:36<07:00,  1.36it/s][A

 52%|█████▏    | 619/1188 [07:37<07:03,  1.34it/s][A

 52%|█████▏    | 620/1188 [07:37<07:04,  1.34it/s][A

 52%|█████▏    | 621/1188 [07:38<07:01,  1.34it/s][A

 52%|█████▏    | 622/1188 [07:39<06:54,  1.37it/s][A

 52%|█████▏    | 623/1188 [07:40<06:50,  1.38it/s][A

 53%|█████▎    | 624/1188 [07:40<06:48,  1.38it/s][A

 53%|█████▎    | 625/1188 [07:41<06:49,  1.37it/s][A

 53%|█████▎    | 626/1188 [07:42<06:54,  1.36it/s][A

 53%|█████▎    | 627/1188 [07:43<07:02,  1.33it/s][A

 53%|█████▎    | 628/1188 [07:43<06:50,  1.36it/s][A

 53%|█████▎    | 629/1188 [07:44<06:57,  1.34it/s][A

 53%|█████▎    | 630/1188 [07:45<06:44,  1.38it/s][A

 53%|█████▎    | 631/1188 [07:45<06:44,  1.38it/s][A

 53%|█████▎    | 632/1188 [07:46<06:42,  1.38it/s][A

 53%|█████▎    | 633/1188 [07:47<06:45,  1.37it/s][A

 53%|█████▎    | 634/1188 [07:48<06:43,  1.37it/s][A

 53%|█████▎    | 635/1188 [07:48<06:43,  1.37it/s][A

 54%|█████▎    | 636/1188 [07:49<06:40,  1.38it/s][A

 54%|█████▎    | 637/1188 [07:50<06:45,  1.36it/s][A

 54%|█████▎    | 638/1188 [07:50<06:39,  1.38it/s][A

 54%|█████▍    | 639/1188 [07:51<06:36,  1.39it/s][A

 54%|█████▍    | 640/1188 [07:52<06:39,  1.37it/s][A

 54%|█████▍    | 641/1188 [07:53<06:42,  1.36it/s][A

 54%|█████▍    | 642/1188 [07:53<06:44,  1.35it/s][A

 54%|█████▍    | 643/1188 [07:54<06:33,  1.38it/s][A

 54%|█████▍    | 644/1188 [07:55<06:30,  1.39it/s][A

 54%|█████▍    | 645/1188 [07:56<06:31,  1.39it/s][A

 54%|█████▍    | 646/1188 [07:56<06:33,  1.38it/s][A

 54%|█████▍    | 647/1188 [07:57<06:34,  1.37it/s][A

 55%|█████▍    | 648/1188 [07:58<06:29,  1.39it/s][A

 55%|█████▍    | 649/1188 [07:58<06:29,  1.38it/s][A

 55%|█████▍    | 650/1188 [07:59<06:24,  1.40it/s][A

 55%|█████▍    | 651/1188 [08:00<06:31,  1.37it/s][A

 55%|█████▍    | 652/1188 [08:01<06:24,  1.39it/s][A

 55%|█████▍    | 653/1188 [08:01<06:34,  1.36it/s][A

 55%|█████▌    | 654/1188 [08:02<06:34,  1.35it/s][A

 55%|█████▌    | 655/1188 [08:03<06:43,  1.32it/s][A

 55%|█████▌    | 656/1188 [08:04<06:40,  1.33it/s][A

 55%|█████▌    | 657/1188 [08:04<06:36,  1.34it/s][A

 55%|█████▌    | 658/1188 [08:05<06:29,  1.36it/s][A

 55%|█████▌    | 659/1188 [08:06<06:32,  1.35it/s][A

 56%|█████▌    | 660/1188 [08:07<06:34,  1.34it/s][A

 56%|█████▌    | 661/1188 [08:07<06:39,  1.32it/s][A

 56%|█████▌    | 662/1188 [08:08<06:34,  1.33it/s][A

 56%|█████▌    | 663/1188 [08:09<06:35,  1.33it/s][A

 56%|█████▌    | 664/1188 [08:10<06:32,  1.34it/s][A

 56%|█████▌    | 665/1188 [08:10<06:30,  1.34it/s][A

 56%|█████▌    | 666/1188 [08:11<06:25,  1.35it/s][A

 56%|█████▌    | 667/1188 [08:12<06:25,  1.35it/s][A

 56%|█████▌    | 668/1188 [08:13<06:21,  1.36it/s][A

 56%|█████▋    | 669/1188 [08:13<06:26,  1.34it/s][A

 56%|█████▋    | 670/1188 [08:14<06:22,  1.35it/s][A

 56%|█████▋    | 671/1188 [08:15<06:28,  1.33it/s][A

 57%|█████▋    | 672/1188 [08:16<06:30,  1.32it/s][A

 57%|█████▋    | 673/1188 [08:16<06:30,  1.32it/s][A

 57%|█████▋    | 674/1188 [08:17<06:31,  1.31it/s][A

 57%|█████▋    | 675/1188 [08:18<06:26,  1.33it/s][A

 57%|█████▋    | 676/1188 [08:19<06:16,  1.36it/s][A

 57%|█████▋    | 677/1188 [08:19<06:17,  1.35it/s][A

 57%|█████▋    | 678/1188 [08:20<06:11,  1.37it/s][A

 57%|█████▋    | 679/1188 [08:21<06:11,  1.37it/s][A

 57%|█████▋    | 680/1188 [08:21<06:05,  1.39it/s][A

 57%|█████▋    | 681/1188 [08:22<06:05,  1.39it/s][A

 57%|█████▋    | 682/1188 [08:23<06:05,  1.38it/s][A

 57%|█████▋    | 683/1188 [08:24<06:06,  1.38it/s][A

 58%|█████▊    | 684/1188 [08:24<05:59,  1.40it/s][A

 58%|█████▊    | 685/1188 [08:25<06:09,  1.36it/s][A

 58%|█████▊    | 686/1188 [08:26<06:08,  1.36it/s][A

 58%|█████▊    | 687/1188 [08:27<06:06,  1.37it/s][A

 58%|█████▊    | 688/1188 [08:27<06:00,  1.39it/s][A

 58%|█████▊    | 689/1188 [08:28<06:00,  1.38it/s][A

 58%|█████▊    | 690/1188 [08:29<05:59,  1.38it/s][A

 58%|█████▊    | 691/1188 [08:29<06:02,  1.37it/s][A

 58%|█████▊    | 692/1188 [08:30<05:58,  1.38it/s][A

 58%|█████▊    | 693/1188 [08:31<06:01,  1.37it/s][A

 58%|█████▊    | 694/1188 [08:32<05:56,  1.39it/s][A

 59%|█████▊    | 695/1188 [08:32<05:59,  1.37it/s][A

 59%|█████▊    | 696/1188 [08:33<05:57,  1.38it/s][A

 59%|█████▊    | 697/1188 [08:34<06:04,  1.35it/s][A

 59%|█████▉    | 698/1188 [08:35<06:07,  1.33it/s][A

 59%|█████▉    | 699/1188 [08:35<06:06,  1.33it/s][A

 59%|█████▉    | 700/1188 [08:36<06:02,  1.35it/s][A

 59%|█████▉    | 701/1188 [08:37<06:03,  1.34it/s][A

 59%|█████▉    | 702/1188 [08:38<06:00,  1.35it/s][A

 59%|█████▉    | 703/1188 [08:38<05:59,  1.35it/s][A

 59%|█████▉    | 704/1188 [08:39<05:55,  1.36it/s][A

 59%|█████▉    | 705/1188 [08:40<05:57,  1.35it/s][A

 59%|█████▉    | 706/1188 [08:41<05:50,  1.37it/s][A

 60%|█████▉    | 707/1188 [08:41<05:47,  1.38it/s][A

 60%|█████▉    | 708/1188 [08:42<05:51,  1.37it/s][A

 60%|█████▉    | 709/1188 [08:43<05:53,  1.35it/s][A

 60%|█████▉    | 710/1188 [08:43<05:48,  1.37it/s][A

 60%|█████▉    | 711/1188 [08:44<05:50,  1.36it/s][A

 60%|█████▉    | 712/1188 [08:45<05:49,  1.36it/s][A

 60%|██████    | 713/1188 [08:46<05:53,  1.35it/s][A

 60%|██████    | 714/1188 [08:46<05:51,  1.35it/s][A

 60%|██████    | 715/1188 [08:47<05:53,  1.34it/s][A

 60%|██████    | 716/1188 [08:48<05:46,  1.36it/s][A

 60%|██████    | 717/1188 [08:49<05:44,  1.37it/s][A

 60%|██████    | 718/1188 [08:49<05:40,  1.38it/s][A

 61%|██████    | 719/1188 [08:50<05:45,  1.36it/s][A

 61%|██████    | 720/1188 [08:51<05:40,  1.38it/s][A

 61%|██████    | 721/1188 [08:52<05:43,  1.36it/s][A

 61%|██████    | 722/1188 [08:52<05:37,  1.38it/s][A

 61%|██████    | 723/1188 [08:53<05:41,  1.36it/s][A

 61%|██████    | 724/1188 [08:54<05:44,  1.35it/s][A

 61%|██████    | 725/1188 [08:55<05:43,  1.35it/s][A

 61%|██████    | 726/1188 [08:55<05:42,  1.35it/s][A

 61%|██████    | 727/1188 [08:56<05:43,  1.34it/s][A

 61%|██████▏   | 728/1188 [08:57<05:41,  1.35it/s][A

 61%|██████▏   | 729/1188 [08:57<05:41,  1.34it/s][A

 61%|██████▏   | 730/1188 [08:58<05:42,  1.34it/s][A

 62%|██████▏   | 731/1188 [08:59<05:40,  1.34it/s][A

 62%|██████▏   | 732/1188 [09:00<05:35,  1.36it/s][A

 62%|██████▏   | 733/1188 [09:00<05:37,  1.35it/s][A

 62%|██████▏   | 734/1188 [09:01<05:36,  1.35it/s][A

 62%|██████▏   | 735/1188 [09:02<05:37,  1.34it/s][A

 62%|██████▏   | 736/1188 [09:03<05:37,  1.34it/s][A

 62%|██████▏   | 737/1188 [09:03<05:34,  1.35it/s][A

 62%|██████▏   | 738/1188 [09:04<05:27,  1.37it/s][A

 62%|██████▏   | 739/1188 [09:05<05:27,  1.37it/s][A

 62%|██████▏   | 740/1188 [09:06<05:22,  1.39it/s][A

 62%|██████▏   | 741/1188 [09:06<05:25,  1.37it/s][A

 62%|██████▏   | 742/1188 [09:07<05:29,  1.36it/s][A

 63%|██████▎   | 743/1188 [09:08<05:29,  1.35it/s][A

 63%|██████▎   | 744/1188 [09:09<05:27,  1.35it/s][A

 63%|██████▎   | 745/1188 [09:09<05:24,  1.36it/s][A

 63%|██████▎   | 746/1188 [09:10<05:23,  1.37it/s][A

 63%|██████▎   | 747/1188 [09:11<05:25,  1.36it/s][A

 63%|██████▎   | 748/1188 [09:11<05:22,  1.37it/s][A

 63%|██████▎   | 749/1188 [09:12<05:19,  1.38it/s][A

 63%|██████▎   | 750/1188 [09:13<05:17,  1.38it/s][A

 63%|██████▎   | 751/1188 [09:14<05:16,  1.38it/s][A

 63%|██████▎   | 752/1188 [09:14<05:20,  1.36it/s][A

 63%|██████▎   | 753/1188 [09:15<05:19,  1.36it/s][A

 63%|██████▎   | 754/1188 [09:16<05:18,  1.36it/s][A

 64%|██████▎   | 755/1188 [09:17<05:24,  1.33it/s][A

 64%|██████▎   | 756/1188 [09:17<05:27,  1.32it/s][A

 64%|██████▎   | 757/1188 [09:18<05:27,  1.32it/s][A

 64%|██████▍   | 758/1188 [09:19<05:15,  1.36it/s][A

 64%|██████▍   | 759/1188 [09:20<05:20,  1.34it/s][A

 64%|██████▍   | 760/1188 [09:20<05:22,  1.33it/s][A

 64%|██████▍   | 761/1188 [09:21<05:17,  1.34it/s][A

 64%|██████▍   | 762/1188 [09:22<05:10,  1.37it/s][A

 64%|██████▍   | 763/1188 [09:22<05:04,  1.40it/s][A

 64%|██████▍   | 764/1188 [09:23<05:08,  1.38it/s][A

 64%|██████▍   | 765/1188 [09:24<05:11,  1.36it/s][A

 64%|██████▍   | 766/1188 [09:25<05:10,  1.36it/s][A

 65%|██████▍   | 767/1188 [09:26<05:14,  1.34it/s][A

 65%|██████▍   | 768/1188 [09:26<05:09,  1.36it/s][A

 65%|██████▍   | 769/1188 [09:27<05:06,  1.36it/s][A

 65%|██████▍   | 770/1188 [09:28<05:04,  1.37it/s][A

 65%|██████▍   | 771/1188 [09:28<05:08,  1.35it/s][A

 65%|██████▍   | 772/1188 [09:29<05:15,  1.32it/s][A

 65%|██████▌   | 773/1188 [09:30<05:18,  1.30it/s][A

 65%|██████▌   | 774/1188 [09:31<05:11,  1.33it/s][A

 65%|██████▌   | 775/1188 [09:31<05:07,  1.34it/s][A

 65%|██████▌   | 776/1188 [09:32<05:05,  1.35it/s][A

 65%|██████▌   | 777/1188 [09:33<05:01,  1.36it/s][A

 65%|██████▌   | 778/1188 [09:34<04:54,  1.39it/s][A

 66%|██████▌   | 779/1188 [09:34<04:58,  1.37it/s][A

 66%|██████▌   | 780/1188 [09:35<05:02,  1.35it/s][A

 66%|██████▌   | 781/1188 [09:36<05:06,  1.33it/s][A

 66%|██████▌   | 782/1188 [09:37<04:59,  1.36it/s][A

 66%|██████▌   | 783/1188 [09:37<04:57,  1.36it/s][A

 66%|██████▌   | 784/1188 [09:38<04:53,  1.37it/s][A

 66%|██████▌   | 785/1188 [09:39<04:53,  1.38it/s][A

 66%|██████▌   | 786/1188 [09:40<04:55,  1.36it/s][A

 66%|██████▌   | 787/1188 [09:40<04:56,  1.35it/s][A

 66%|██████▋   | 788/1188 [09:41<04:52,  1.37it/s][A

 66%|██████▋   | 789/1188 [09:42<04:56,  1.34it/s][A

 66%|██████▋   | 790/1188 [09:42<04:50,  1.37it/s][A

 67%|██████▋   | 791/1188 [09:43<04:51,  1.36it/s][A

 67%|██████▋   | 792/1188 [09:44<04:47,  1.38it/s][A

 67%|██████▋   | 793/1188 [09:45<04:51,  1.36it/s][A

 67%|██████▋   | 794/1188 [09:45<04:47,  1.37it/s][A

 67%|██████▋   | 795/1188 [09:46<04:47,  1.37it/s][A

 67%|██████▋   | 796/1188 [09:47<04:46,  1.37it/s][A

 67%|██████▋   | 797/1188 [09:48<04:43,  1.38it/s][A

 67%|██████▋   | 798/1188 [09:48<04:42,  1.38it/s][A

 67%|██████▋   | 799/1188 [09:49<04:45,  1.36it/s][A

 67%|██████▋   | 800/1188 [09:50<04:49,  1.34it/s][A

 67%|██████▋   | 801/1188 [09:51<04:54,  1.31it/s][A

 68%|██████▊   | 802/1188 [09:51<04:47,  1.34it/s][A

 68%|██████▊   | 803/1188 [09:52<04:46,  1.34it/s][A

 68%|██████▊   | 804/1188 [09:53<04:43,  1.36it/s][A

 68%|██████▊   | 805/1188 [09:54<04:41,  1.36it/s][A

 68%|██████▊   | 806/1188 [09:54<04:40,  1.36it/s][A

 68%|██████▊   | 807/1188 [09:55<04:42,  1.35it/s][A

 68%|██████▊   | 808/1188 [09:56<04:40,  1.35it/s][A

 68%|██████▊   | 809/1188 [09:56<04:37,  1.37it/s][A

 68%|██████▊   | 810/1188 [09:57<04:32,  1.39it/s][A

 68%|██████▊   | 811/1188 [09:58<04:32,  1.38it/s][A

 68%|██████▊   | 812/1188 [09:59<04:28,  1.40it/s][A

 68%|██████▊   | 813/1188 [09:59<04:27,  1.40it/s][A

 69%|██████▊   | 814/1188 [10:00<04:33,  1.37it/s][A

 69%|██████▊   | 815/1188 [10:01<04:35,  1.36it/s][A

 69%|██████▊   | 816/1188 [10:02<04:30,  1.37it/s][A

 69%|██████▉   | 817/1188 [10:02<04:32,  1.36it/s][A

 69%|██████▉   | 818/1188 [10:03<04:33,  1.35it/s][A

 69%|██████▉   | 819/1188 [10:04<04:36,  1.34it/s][A

 69%|██████▉   | 820/1188 [10:04<04:27,  1.38it/s][A

 69%|██████▉   | 821/1188 [10:05<04:26,  1.38it/s][A

 69%|██████▉   | 822/1188 [10:06<04:27,  1.37it/s][A

 69%|██████▉   | 823/1188 [10:07<04:32,  1.34it/s][A

 69%|██████▉   | 824/1188 [10:07<04:32,  1.33it/s][A

 69%|██████▉   | 825/1188 [10:08<04:33,  1.33it/s][A

 70%|██████▉   | 826/1188 [10:09<04:26,  1.36it/s][A

 70%|██████▉   | 827/1188 [10:10<04:28,  1.34it/s][A

 70%|██████▉   | 828/1188 [10:10<04:27,  1.35it/s][A

 70%|██████▉   | 829/1188 [10:11<04:26,  1.35it/s][A

 70%|██████▉   | 830/1188 [10:12<04:25,  1.35it/s][A

 70%|██████▉   | 831/1188 [10:13<04:27,  1.33it/s][A

 70%|███████   | 832/1188 [10:13<04:23,  1.35it/s][A

 70%|███████   | 833/1188 [10:14<04:25,  1.34it/s][A

 70%|███████   | 834/1188 [10:15<04:28,  1.32it/s][A

 70%|███████   | 835/1188 [10:16<04:28,  1.31it/s][A

 70%|███████   | 836/1188 [10:16<04:27,  1.32it/s][A

 70%|███████   | 837/1188 [10:17<04:22,  1.34it/s][A

 71%|███████   | 838/1188 [10:18<04:15,  1.37it/s][A

 71%|███████   | 839/1188 [10:19<04:14,  1.37it/s][A

 71%|███████   | 840/1188 [10:19<04:13,  1.37it/s][A

 71%|███████   | 841/1188 [10:20<04:17,  1.35it/s][A

 71%|███████   | 842/1188 [10:21<04:16,  1.35it/s][A

 71%|███████   | 843/1188 [10:22<04:19,  1.33it/s][A

 71%|███████   | 844/1188 [10:22<04:15,  1.35it/s][A

 71%|███████   | 845/1188 [10:23<04:15,  1.34it/s][A

 71%|███████   | 846/1188 [10:24<04:10,  1.36it/s][A

 71%|███████▏  | 847/1188 [10:25<04:11,  1.36it/s][A

 71%|███████▏  | 848/1188 [10:25<04:07,  1.37it/s][A

 71%|███████▏  | 849/1188 [10:26<04:10,  1.35it/s][A

 72%|███████▏  | 850/1188 [10:27<04:13,  1.33it/s][A

 72%|███████▏  | 851/1188 [10:28<04:14,  1.33it/s][A

 72%|███████▏  | 852/1188 [10:28<04:09,  1.35it/s][A

 72%|███████▏  | 853/1188 [10:29<04:09,  1.34it/s][A

 72%|███████▏  | 854/1188 [10:30<04:01,  1.38it/s][A

 72%|███████▏  | 855/1188 [10:30<04:02,  1.37it/s][A

 72%|███████▏  | 856/1188 [10:31<04:02,  1.37it/s][A

 72%|███████▏  | 857/1188 [10:32<04:07,  1.34it/s][A

 72%|███████▏  | 858/1188 [10:33<04:02,  1.36it/s][A

 72%|███████▏  | 859/1188 [10:33<04:06,  1.34it/s][A

 72%|███████▏  | 860/1188 [10:34<04:03,  1.35it/s][A

 72%|███████▏  | 861/1188 [10:35<04:04,  1.34it/s][A

 73%|███████▎  | 862/1188 [10:36<04:03,  1.34it/s][A

 73%|███████▎  | 863/1188 [10:36<04:00,  1.35it/s][A

 73%|███████▎  | 864/1188 [10:37<03:52,  1.39it/s][A

 73%|███████▎  | 865/1188 [10:38<03:53,  1.38it/s][A

 73%|███████▎  | 866/1188 [10:38<03:50,  1.40it/s][A

 73%|███████▎  | 867/1188 [10:39<03:46,  1.42it/s][A

 73%|███████▎  | 868/1188 [10:40<03:50,  1.39it/s][A

 73%|███████▎  | 869/1188 [10:41<03:52,  1.37it/s][A

 73%|███████▎  | 870/1188 [10:41<03:52,  1.37it/s][A

 73%|███████▎  | 871/1188 [10:42<03:55,  1.35it/s][A

 73%|███████▎  | 872/1188 [10:43<03:49,  1.37it/s][A

 73%|███████▎  | 873/1188 [10:44<03:51,  1.36it/s][A

 74%|███████▎  | 874/1188 [10:44<03:47,  1.38it/s][A

 74%|███████▎  | 875/1188 [10:45<03:49,  1.37it/s][A

 74%|███████▎  | 876/1188 [10:46<03:47,  1.37it/s][A

 74%|███████▍  | 877/1188 [10:47<03:50,  1.35it/s][A

 74%|███████▍  | 878/1188 [10:47<03:48,  1.36it/s][A

 74%|███████▍  | 879/1188 [10:48<03:46,  1.37it/s][A

 74%|███████▍  | 880/1188 [10:49<03:46,  1.36it/s][A

 74%|███████▍  | 881/1188 [10:50<03:46,  1.36it/s][A

 74%|███████▍  | 882/1188 [10:50<03:46,  1.35it/s][A

 74%|███████▍  | 883/1188 [10:51<03:45,  1.35it/s][A

 74%|███████▍  | 884/1188 [10:52<03:40,  1.38it/s][A

 74%|███████▍  | 885/1188 [10:52<03:40,  1.37it/s][A

 75%|███████▍  | 886/1188 [10:53<03:34,  1.41it/s][A

 75%|███████▍  | 887/1188 [10:54<03:37,  1.38it/s][A

 75%|███████▍  | 888/1188 [10:55<03:38,  1.38it/s][A

 75%|███████▍  | 889/1188 [10:55<03:38,  1.37it/s][A

 75%|███████▍  | 890/1188 [10:56<03:42,  1.34it/s][A

 75%|███████▌  | 891/1188 [10:57<03:39,  1.36it/s][A

 75%|███████▌  | 892/1188 [10:57<03:33,  1.39it/s][A

 75%|███████▌  | 893/1188 [10:58<03:34,  1.38it/s][A

 75%|███████▌  | 894/1188 [10:59<03:33,  1.38it/s][A

 75%|███████▌  | 895/1188 [11:00<03:35,  1.36it/s][A

 75%|███████▌  | 896/1188 [11:00<03:35,  1.35it/s][A

 76%|███████▌  | 897/1188 [11:01<03:37,  1.34it/s][A

 76%|███████▌  | 898/1188 [11:02<03:33,  1.36it/s][A

 76%|███████▌  | 899/1188 [11:03<03:32,  1.36it/s][A

 76%|███████▌  | 900/1188 [11:03<03:31,  1.36it/s][A

 76%|███████▌  | 901/1188 [11:04<03:31,  1.35it/s][A

 76%|███████▌  | 902/1188 [11:05<03:28,  1.37it/s][A

 76%|███████▌  | 903/1188 [11:06<03:29,  1.36it/s][A

 76%|███████▌  | 904/1188 [11:06<03:25,  1.38it/s][A

 76%|███████▌  | 905/1188 [11:07<03:26,  1.37it/s][A

 76%|███████▋  | 906/1188 [11:08<03:27,  1.36it/s][A

 76%|███████▋  | 907/1188 [11:09<03:27,  1.35it/s][A

 76%|███████▋  | 908/1188 [11:09<03:28,  1.34it/s][A

 77%|███████▋  | 909/1188 [11:10<03:28,  1.34it/s][A

 77%|███████▋  | 910/1188 [11:11<03:26,  1.34it/s][A

 77%|███████▋  | 911/1188 [11:12<03:23,  1.36it/s][A

 77%|███████▋  | 912/1188 [11:12<03:23,  1.35it/s][A

 77%|███████▋  | 913/1188 [11:13<03:25,  1.34it/s][A

 77%|███████▋  | 914/1188 [11:14<03:24,  1.34it/s][A

 77%|███████▋  | 915/1188 [11:15<03:24,  1.33it/s][A

 77%|███████▋  | 916/1188 [11:15<03:22,  1.34it/s][A

 77%|███████▋  | 917/1188 [11:16<03:23,  1.33it/s][A

 77%|███████▋  | 918/1188 [11:17<03:19,  1.35it/s][A

 77%|███████▋  | 919/1188 [11:17<03:19,  1.35it/s][A

 77%|███████▋  | 920/1188 [11:18<03:14,  1.38it/s][A

 78%|███████▊  | 921/1188 [11:19<03:17,  1.35it/s][A

 78%|███████▊  | 922/1188 [11:20<03:19,  1.33it/s][A

 78%|███████▊  | 923/1188 [11:20<03:18,  1.34it/s][A

 78%|███████▊  | 924/1188 [11:21<03:18,  1.33it/s][A

 78%|███████▊  | 925/1188 [11:22<03:17,  1.33it/s][A

 78%|███████▊  | 926/1188 [11:23<03:11,  1.37it/s][A

 78%|███████▊  | 927/1188 [11:23<03:09,  1.37it/s][A

 78%|███████▊  | 928/1188 [11:24<03:07,  1.39it/s][A

 78%|███████▊  | 929/1188 [11:25<03:03,  1.41it/s][A

 78%|███████▊  | 930/1188 [11:25<03:02,  1.41it/s][A

 78%|███████▊  | 931/1188 [11:26<03:08,  1.36it/s][A

 78%|███████▊  | 932/1188 [11:27<03:07,  1.37it/s][A

 79%|███████▊  | 933/1188 [11:28<03:07,  1.36it/s][A

 79%|███████▊  | 934/1188 [11:28<03:06,  1.36it/s][A

 79%|███████▊  | 935/1188 [11:29<03:04,  1.37it/s][A

 79%|███████▉  | 936/1188 [11:30<03:07,  1.35it/s][A

 79%|███████▉  | 937/1188 [11:31<03:09,  1.32it/s][A

 79%|███████▉  | 938/1188 [11:31<03:08,  1.33it/s][A

 79%|███████▉  | 939/1188 [11:32<03:05,  1.35it/s][A

 79%|███████▉  | 940/1188 [11:33<03:08,  1.32it/s][A

 79%|███████▉  | 941/1188 [11:34<03:08,  1.31it/s][A

 79%|███████▉  | 942/1188 [11:35<03:05,  1.32it/s][A

 79%|███████▉  | 943/1188 [11:35<03:02,  1.34it/s][A

 79%|███████▉  | 944/1188 [11:36<02:58,  1.36it/s][A

 80%|███████▉  | 945/1188 [11:37<03:01,  1.34it/s][A

 80%|███████▉  | 946/1188 [11:37<03:00,  1.34it/s][A

 80%|███████▉  | 947/1188 [11:38<02:59,  1.35it/s][A

 80%|███████▉  | 948/1188 [11:39<02:57,  1.35it/s][A

 80%|███████▉  | 949/1188 [11:40<02:56,  1.35it/s][A

 80%|███████▉  | 950/1188 [11:40<02:55,  1.36it/s][A

 80%|████████  | 951/1188 [11:41<02:55,  1.35it/s][A

 80%|████████  | 952/1188 [11:42<02:57,  1.33it/s][A

 80%|████████  | 953/1188 [11:43<02:59,  1.31it/s][A

 80%|████████  | 954/1188 [11:43<02:55,  1.33it/s][A

 80%|████████  | 955/1188 [11:44<02:52,  1.35it/s][A

 80%|████████  | 956/1188 [11:45<02:50,  1.36it/s][A

 81%|████████  | 957/1188 [11:46<02:49,  1.36it/s][A

 81%|████████  | 958/1188 [11:46<02:45,  1.39it/s][A

 81%|████████  | 959/1188 [11:47<02:44,  1.39it/s][A

 81%|████████  | 960/1188 [11:48<02:43,  1.40it/s][A

 81%|████████  | 961/1188 [11:48<02:44,  1.38it/s][A

 81%|████████  | 962/1188 [11:49<02:44,  1.37it/s][A

 81%|████████  | 963/1188 [11:50<02:48,  1.33it/s][A

 81%|████████  | 964/1188 [11:51<02:46,  1.34it/s][A

 81%|████████  | 965/1188 [11:52<02:46,  1.34it/s][A

 81%|████████▏ | 966/1188 [11:52<02:42,  1.36it/s][A

 81%|████████▏ | 967/1188 [11:53<02:43,  1.35it/s][A

 81%|████████▏ | 968/1188 [11:54<02:40,  1.37it/s][A

 82%|████████▏ | 969/1188 [11:54<02:43,  1.34it/s][A

 82%|████████▏ | 970/1188 [11:55<02:40,  1.36it/s][A

 82%|████████▏ | 971/1188 [11:56<02:40,  1.35it/s][A

 82%|████████▏ | 972/1188 [11:57<02:41,  1.34it/s][A

 82%|████████▏ | 973/1188 [11:57<02:40,  1.34it/s][A

 82%|████████▏ | 974/1188 [11:58<02:36,  1.37it/s][A

 82%|████████▏ | 975/1188 [11:59<02:37,  1.35it/s][A

 82%|████████▏ | 976/1188 [12:00<02:33,  1.38it/s][A

 82%|████████▏ | 977/1188 [12:00<02:33,  1.37it/s][A

 82%|████████▏ | 978/1188 [12:01<02:35,  1.35it/s][A

 82%|████████▏ | 979/1188 [12:02<02:37,  1.32it/s][A

 82%|████████▏ | 980/1188 [12:03<02:36,  1.33it/s][A

 83%|████████▎ | 981/1188 [12:03<02:34,  1.34it/s][A

 83%|████████▎ | 982/1188 [12:04<02:30,  1.37it/s][A

 83%|████████▎ | 983/1188 [12:05<02:28,  1.38it/s][A

 83%|████████▎ | 984/1188 [12:05<02:27,  1.38it/s][A

 83%|████████▎ | 985/1188 [12:06<02:29,  1.36it/s][A

 83%|████████▎ | 986/1188 [12:07<02:29,  1.35it/s][A

 83%|████████▎ | 987/1188 [12:08<02:32,  1.32it/s][A

 83%|████████▎ | 988/1188 [12:08<02:29,  1.34it/s][A

 83%|████████▎ | 989/1188 [12:09<02:28,  1.34it/s][A

 83%|████████▎ | 990/1188 [12:10<02:28,  1.33it/s][A

 83%|████████▎ | 991/1188 [12:11<02:28,  1.33it/s][A

 84%|████████▎ | 992/1188 [12:12<02:27,  1.33it/s][A

 84%|████████▎ | 993/1188 [12:12<02:27,  1.32it/s][A

 84%|████████▎ | 994/1188 [12:13<02:23,  1.35it/s][A

 84%|████████▍ | 995/1188 [12:14<02:23,  1.35it/s][A

 84%|████████▍ | 996/1188 [12:14<02:22,  1.35it/s][A

 84%|████████▍ | 997/1188 [12:15<02:19,  1.37it/s][A

 84%|████████▍ | 998/1188 [12:16<02:16,  1.40it/s][A

 84%|████████▍ | 999/1188 [12:17<02:16,  1.39it/s][A

 84%|████████▍ | 1000/1188 [12:17<02:16,  1.38it/s][A

 84%|████████▍ | 1001/1188 [12:18<02:18,  1.35it/s][A

 84%|████████▍ | 1002/1188 [12:19<02:16,  1.36it/s][A

 84%|████████▍ | 1003/1188 [12:20<02:17,  1.34it/s][A

 85%|████████▍ | 1004/1188 [12:20<02:16,  1.35it/s][A

 85%|████████▍ | 1005/1188 [12:21<02:14,  1.36it/s][A

 85%|████████▍ | 1006/1188 [12:22<02:12,  1.37it/s][A

 85%|████████▍ | 1007/1188 [12:23<02:14,  1.35it/s][A

 85%|████████▍ | 1008/1188 [12:23<02:14,  1.34it/s][A

 85%|████████▍ | 1009/1188 [12:24<02:12,  1.35it/s][A

 85%|████████▌ | 1010/1188 [12:25<02:10,  1.37it/s][A

 85%|████████▌ | 1011/1188 [12:25<02:10,  1.36it/s][A

 85%|████████▌ | 1012/1188 [12:26<02:07,  1.38it/s][A

 85%|████████▌ | 1013/1188 [12:27<02:06,  1.39it/s][A

 85%|████████▌ | 1014/1188 [12:28<02:05,  1.38it/s][A

 85%|████████▌ | 1015/1188 [12:28<02:08,  1.35it/s][A

 86%|████████▌ | 1016/1188 [12:29<02:07,  1.35it/s][A

 86%|████████▌ | 1017/1188 [12:30<02:06,  1.36it/s][A

 86%|████████▌ | 1018/1188 [12:31<02:02,  1.38it/s][A

 86%|████████▌ | 1019/1188 [12:31<02:02,  1.38it/s][A

 86%|████████▌ | 1020/1188 [12:32<02:00,  1.39it/s][A

 86%|████████▌ | 1021/1188 [12:33<02:02,  1.36it/s][A

 86%|████████▌ | 1022/1188 [12:33<01:59,  1.38it/s][A

 86%|████████▌ | 1023/1188 [12:34<02:00,  1.37it/s][A

 86%|████████▌ | 1024/1188 [12:35<01:59,  1.37it/s][A

 86%|████████▋ | 1025/1188 [12:36<01:57,  1.38it/s][A

 86%|████████▋ | 1026/1188 [12:36<01:56,  1.39it/s][A

 86%|████████▋ | 1027/1188 [12:37<01:58,  1.35it/s][A

 87%|████████▋ | 1028/1188 [12:38<01:57,  1.36it/s][A

 87%|████████▋ | 1029/1188 [12:39<01:57,  1.35it/s][A

 87%|████████▋ | 1030/1188 [12:39<01:55,  1.37it/s][A

 87%|████████▋ | 1031/1188 [12:40<01:56,  1.35it/s][A

 87%|████████▋ | 1032/1188 [12:41<01:53,  1.37it/s][A

 87%|████████▋ | 1033/1188 [12:42<01:54,  1.36it/s][A

 87%|████████▋ | 1034/1188 [12:42<01:53,  1.36it/s][A

 87%|████████▋ | 1035/1188 [12:43<01:53,  1.35it/s][A

 87%|████████▋ | 1036/1188 [12:44<01:51,  1.36it/s][A

 87%|████████▋ | 1037/1188 [12:44<01:49,  1.37it/s][A

 87%|████████▋ | 1038/1188 [12:45<01:50,  1.35it/s][A

 87%|████████▋ | 1039/1188 [12:46<01:50,  1.35it/s][A

 88%|████████▊ | 1040/1188 [12:47<01:48,  1.37it/s][A

 88%|████████▊ | 1041/1188 [12:47<01:46,  1.38it/s][A

 88%|████████▊ | 1042/1188 [12:48<01:49,  1.33it/s][A

 88%|████████▊ | 1043/1188 [12:49<01:48,  1.34it/s][A

 88%|████████▊ | 1044/1188 [12:50<01:46,  1.35it/s][A

 88%|████████▊ | 1045/1188 [12:50<01:45,  1.36it/s][A

 88%|████████▊ | 1046/1188 [12:51<01:43,  1.37it/s][A

 88%|████████▊ | 1047/1188 [12:52<01:42,  1.37it/s][A

 88%|████████▊ | 1048/1188 [12:53<01:41,  1.38it/s][A

 88%|████████▊ | 1049/1188 [12:53<01:41,  1.36it/s][A

 88%|████████▊ | 1050/1188 [12:54<01:41,  1.36it/s][A

 88%|████████▊ | 1051/1188 [12:55<01:39,  1.37it/s][A

 89%|████████▊ | 1052/1188 [12:55<01:39,  1.37it/s][A

 89%|████████▊ | 1053/1188 [12:56<01:39,  1.36it/s][A

 89%|████████▊ | 1054/1188 [12:57<01:37,  1.37it/s][A

 89%|████████▉ | 1055/1188 [12:58<01:36,  1.38it/s][A

 89%|████████▉ | 1056/1188 [12:58<01:36,  1.36it/s][A

 89%|████████▉ | 1057/1188 [12:59<01:36,  1.36it/s][A

 89%|████████▉ | 1058/1188 [13:00<01:34,  1.38it/s][A

 89%|████████▉ | 1059/1188 [13:01<01:33,  1.37it/s][A

 89%|████████▉ | 1060/1188 [13:01<01:31,  1.40it/s][A

 89%|████████▉ | 1061/1188 [13:02<01:31,  1.38it/s][A

 89%|████████▉ | 1062/1188 [13:03<01:31,  1.38it/s][A

 89%|████████▉ | 1063/1188 [13:04<01:32,  1.35it/s][A

 90%|████████▉ | 1064/1188 [13:04<01:31,  1.36it/s][A

 90%|████████▉ | 1065/1188 [13:05<01:30,  1.36it/s][A

 90%|████████▉ | 1066/1188 [13:06<01:29,  1.37it/s][A

 90%|████████▉ | 1067/1188 [13:06<01:29,  1.36it/s][A

 90%|████████▉ | 1068/1188 [13:07<01:28,  1.36it/s][A

 90%|████████▉ | 1069/1188 [13:08<01:28,  1.34it/s][A

 90%|█████████ | 1070/1188 [13:09<01:27,  1.35it/s][A

 90%|█████████ | 1071/1188 [13:09<01:27,  1.33it/s][A

 90%|█████████ | 1072/1188 [13:10<01:27,  1.33it/s][A

 90%|█████████ | 1073/1188 [13:11<01:28,  1.30it/s][A

 90%|█████████ | 1074/1188 [13:12<01:24,  1.34it/s][A

 90%|█████████ | 1075/1188 [13:12<01:23,  1.35it/s][A

 91%|█████████ | 1076/1188 [13:13<01:23,  1.35it/s][A

 91%|█████████ | 1077/1188 [13:14<01:24,  1.32it/s][A

 91%|█████████ | 1078/1188 [13:15<01:24,  1.31it/s][A

 91%|█████████ | 1079/1188 [13:16<01:23,  1.31it/s][A

 91%|█████████ | 1080/1188 [13:16<01:22,  1.31it/s][A

 91%|█████████ | 1081/1188 [13:17<01:20,  1.34it/s][A

 91%|█████████ | 1082/1188 [13:18<01:17,  1.36it/s][A

 91%|█████████ | 1083/1188 [13:18<01:17,  1.36it/s][A

 91%|█████████ | 1084/1188 [13:19<01:16,  1.36it/s][A

 91%|█████████▏| 1085/1188 [13:20<01:17,  1.34it/s][A

 91%|█████████▏| 1086/1188 [13:21<01:15,  1.36it/s][A

 91%|█████████▏| 1087/1188 [13:21<01:13,  1.37it/s][A

 92%|█████████▏| 1088/1188 [13:22<01:12,  1.38it/s][A

 92%|█████████▏| 1089/1188 [13:23<01:12,  1.36it/s][A

 92%|█████████▏| 1090/1188 [13:24<01:11,  1.37it/s][A

 92%|█████████▏| 1091/1188 [13:24<01:11,  1.36it/s][A

 92%|█████████▏| 1092/1188 [13:25<01:10,  1.36it/s][A

 92%|█████████▏| 1093/1188 [13:26<01:09,  1.36it/s][A

 92%|█████████▏| 1094/1188 [13:26<01:08,  1.37it/s][A

 92%|█████████▏| 1095/1188 [13:27<01:08,  1.36it/s][A

 92%|█████████▏| 1096/1188 [13:28<01:06,  1.38it/s][A

 92%|█████████▏| 1097/1188 [13:29<01:06,  1.37it/s][A

 92%|█████████▏| 1098/1188 [13:29<01:05,  1.37it/s][A

 93%|█████████▎| 1099/1188 [13:30<01:05,  1.35it/s][A

 93%|█████████▎| 1100/1188 [13:31<01:04,  1.37it/s][A

 93%|█████████▎| 1101/1188 [13:32<01:03,  1.38it/s][A

 93%|█████████▎| 1102/1188 [13:32<01:01,  1.40it/s][A

 93%|█████████▎| 1103/1188 [13:33<01:02,  1.36it/s][A

 93%|█████████▎| 1104/1188 [13:34<01:02,  1.35it/s][A

 93%|█████████▎| 1105/1188 [13:35<01:02,  1.34it/s][A

 93%|█████████▎| 1106/1188 [13:35<01:01,  1.34it/s][A

 93%|█████████▎| 1107/1188 [13:36<01:00,  1.33it/s][A

 93%|█████████▎| 1108/1188 [13:37<00:59,  1.34it/s][A

 93%|█████████▎| 1109/1188 [13:38<00:59,  1.33it/s][A

 93%|█████████▎| 1110/1188 [13:38<00:57,  1.35it/s][A

 94%|█████████▎| 1111/1188 [13:39<00:57,  1.34it/s][A

 94%|█████████▎| 1112/1188 [13:40<00:56,  1.34it/s][A

 94%|█████████▎| 1113/1188 [13:41<00:55,  1.34it/s][A

 94%|█████████▍| 1114/1188 [13:41<00:54,  1.35it/s][A

 94%|█████████▍| 1115/1188 [13:42<00:54,  1.34it/s][A

 94%|█████████▍| 1116/1188 [13:43<00:53,  1.35it/s][A

 94%|█████████▍| 1117/1188 [13:44<00:52,  1.34it/s][A

 94%|█████████▍| 1118/1188 [13:44<00:51,  1.36it/s][A

 94%|█████████▍| 1119/1188 [13:45<00:49,  1.39it/s][A

 94%|█████████▍| 1120/1188 [13:46<00:48,  1.39it/s][A

 94%|█████████▍| 1121/1188 [13:46<00:47,  1.40it/s][A

 94%|█████████▍| 1122/1188 [13:47<00:47,  1.40it/s][A

 95%|█████████▍| 1123/1188 [13:48<00:47,  1.36it/s][A

 95%|█████████▍| 1124/1188 [13:49<00:46,  1.39it/s][A

 95%|█████████▍| 1125/1188 [13:49<00:46,  1.37it/s][A

 95%|█████████▍| 1126/1188 [13:50<00:45,  1.38it/s][A

 95%|█████████▍| 1127/1188 [13:51<00:44,  1.37it/s][A

 95%|█████████▍| 1128/1188 [13:51<00:43,  1.39it/s][A

 95%|█████████▌| 1129/1188 [13:52<00:43,  1.36it/s][A

 95%|█████████▌| 1130/1188 [13:53<00:43,  1.34it/s][A

 95%|█████████▌| 1131/1188 [13:54<00:42,  1.35it/s][A

 95%|█████████▌| 1132/1188 [13:54<00:40,  1.37it/s][A

 95%|█████████▌| 1133/1188 [13:55<00:40,  1.36it/s][A

 95%|█████████▌| 1134/1188 [13:56<00:39,  1.38it/s][A

 96%|█████████▌| 1135/1188 [13:57<00:39,  1.35it/s][A

 96%|█████████▌| 1136/1188 [13:57<00:38,  1.34it/s][A

 96%|█████████▌| 1137/1188 [13:58<00:38,  1.32it/s][A

 96%|█████████▌| 1138/1188 [13:59<00:37,  1.34it/s][A

 96%|█████████▌| 1139/1188 [14:00<00:36,  1.33it/s][A

 96%|█████████▌| 1140/1188 [14:00<00:35,  1.34it/s][A

 96%|█████████▌| 1141/1188 [14:01<00:34,  1.35it/s][A

 96%|█████████▌| 1142/1188 [14:02<00:33,  1.36it/s][A

 96%|█████████▌| 1143/1188 [14:03<00:33,  1.36it/s][A

 96%|█████████▋| 1144/1188 [14:03<00:32,  1.36it/s][A

 96%|█████████▋| 1145/1188 [14:04<00:32,  1.34it/s][A

 96%|█████████▋| 1146/1188 [14:05<00:30,  1.38it/s][A

 97%|█████████▋| 1147/1188 [14:06<00:29,  1.37it/s][A

 97%|█████████▋| 1148/1188 [14:06<00:29,  1.38it/s][A

 97%|█████████▋| 1149/1188 [14:07<00:28,  1.35it/s][A

 97%|█████████▋| 1150/1188 [14:08<00:27,  1.37it/s][A

 97%|█████████▋| 1151/1188 [14:08<00:27,  1.36it/s][A

 97%|█████████▋| 1152/1188 [14:09<00:26,  1.35it/s][A

 97%|█████████▋| 1153/1188 [14:10<00:26,  1.33it/s][A

 97%|█████████▋| 1154/1188 [14:11<00:25,  1.34it/s][A

 97%|█████████▋| 1155/1188 [14:12<00:25,  1.31it/s][A

 97%|█████████▋| 1156/1188 [14:12<00:24,  1.32it/s][A

 97%|█████████▋| 1157/1188 [14:13<00:23,  1.34it/s][A

 97%|█████████▋| 1158/1188 [14:14<00:22,  1.36it/s][A

 98%|█████████▊| 1159/1188 [14:14<00:21,  1.38it/s][A

 98%|█████████▊| 1160/1188 [14:15<00:20,  1.36it/s][A

 98%|█████████▊| 1161/1188 [14:16<00:19,  1.36it/s][A

 98%|█████████▊| 1162/1188 [14:17<00:19,  1.35it/s][A

 98%|█████████▊| 1163/1188 [14:17<00:18,  1.35it/s][A

 98%|█████████▊| 1164/1188 [14:18<00:17,  1.38it/s][A

 98%|█████████▊| 1165/1188 [14:19<00:16,  1.38it/s][A

 98%|█████████▊| 1166/1188 [14:20<00:15,  1.38it/s][A

 98%|█████████▊| 1167/1188 [14:20<00:15,  1.39it/s][A

 98%|█████████▊| 1168/1188 [14:21<00:14,  1.35it/s][A

 98%|█████████▊| 1169/1188 [14:22<00:14,  1.33it/s][A

 98%|█████████▊| 1170/1188 [14:23<00:13,  1.34it/s][A

 99%|█████████▊| 1171/1188 [14:23<00:12,  1.33it/s][A

 99%|█████████▊| 1172/1188 [14:24<00:11,  1.35it/s][A

 99%|█████████▊| 1173/1188 [14:25<00:11,  1.33it/s][A

 99%|█████████▉| 1174/1188 [14:26<00:10,  1.36it/s][A

 99%|█████████▉| 1175/1188 [14:26<00:09,  1.35it/s][A

 99%|█████████▉| 1176/1188 [14:27<00:08,  1.34it/s][A

 99%|█████████▉| 1177/1188 [14:28<00:08,  1.33it/s][A

 99%|█████████▉| 1178/1188 [14:28<00:07,  1.36it/s][A

 99%|█████████▉| 1179/1188 [14:29<00:06,  1.37it/s][A

 99%|█████████▉| 1180/1188 [14:30<00:05,  1.36it/s][A

 99%|█████████▉| 1181/1188 [14:31<00:05,  1.34it/s][A

 99%|█████████▉| 1182/1188 [14:31<00:04,  1.36it/s][A

100%|█████████▉| 1183/1188 [14:32<00:03,  1.34it/s][A

100%|█████████▉| 1184/1188 [14:33<00:02,  1.35it/s][A

100%|█████████▉| 1185/1188 [14:34<00:02,  1.34it/s][A

100%|█████████▉| 1186/1188 [14:34<00:01,  1.35it/s][A

100%|█████████▉| 1187/1188 [14:35<00:00,  1.35it/s][A

100%|██████████| 1188/1188 [14:35<00:00,  1.66it/s][A
100%|██████████| 1188/1188 [14:35<00:00,  1.36it/s]


  0%|          | 0/210 [00:00<?, ?it/s][A

  0%|          | 1/210 [00:00<01:14,  2.79it/s][A

  1%|          | 2/210 [00:00<01:16,  2.74it/s][A

  1%|▏         | 3/210 [00:01<01:17,  2.66it/s][A

  2%|▏         | 4/210 [00:01<01:17,  2.64it/s][A

  2%|▏         | 5/210 [00:01<01:16,  2.68it/s][A

  3%|▎         | 6/210 [00:02<01:17,  2.65it/s][A

  3%|▎         | 7/210 [00:02<01:16,  2.65it/s][A

  4%|▍         | 8/210 [00:03<01:16,  2.64it/s][A

  4%|▍         | 9/210 [00:03<01:16,  2.63it/s][A

  5%|▍         | 10/210 [00:03<01:13,  2.71it/s][A

  5%|▌         | 11/210 [00:04<01:16,  2.61it/s][A

  6%|▌         | 12/210 [00:04<01:18,  2.52it/s][A

  6%|▌         | 13/210 [00:05<01:20,  2.46it/s][A

  7%|▋         | 14/210 [00:05<01:17,  2.54it/s][A

  7%|▋         | 15/210 [00:05<01:16,  2.56it/s][A

  8%|▊         | 16/210 [00:06<01:15,  2.58it/s][A

  8%|▊         | 17/210 [00:06<01:14,  2.58it/s][A

  9%|▊         | 18/210 [00:06<01:13,  2.61it/s][A

  9%|▉         | 19/210 [00:07<01:14,  2.57it/s][A

 10%|▉         | 20/210 [00:07<01:12,  2.63it/s][A

 10%|█         | 21/210 [00:08<01:11,  2.64it/s][A

 10%|█         | 22/210 [00:08<01:10,  2.68it/s][A

 11%|█         | 23/210 [00:08<01:10,  2.67it/s][A

 11%|█▏        | 24/210 [00:09<01:07,  2.74it/s][A

 12%|█▏        | 25/210 [00:09<01:10,  2.62it/s][A

 12%|█▏        | 26/210 [00:09<01:11,  2.59it/s][A

 13%|█▎        | 27/210 [00:10<01:10,  2.60it/s][A

 13%|█▎        | 28/210 [00:10<01:10,  2.59it/s][A

 14%|█▍        | 29/210 [00:11<01:09,  2.60it/s][A

 14%|█▍        | 30/210 [00:11<01:08,  2.61it/s][A

 15%|█▍        | 31/210 [00:11<01:10,  2.56it/s][A

 15%|█▌        | 32/210 [00:12<01:07,  2.63it/s][A

 16%|█▌        | 33/210 [00:12<01:07,  2.63it/s][A

 16%|█▌        | 34/210 [00:13<01:07,  2.60it/s][A

 17%|█▋        | 35/210 [00:13<01:06,  2.62it/s][A

 17%|█▋        | 36/210 [00:13<01:07,  2.60it/s][A

 18%|█▊        | 37/210 [00:14<01:06,  2.60it/s][A

 18%|█▊        | 38/210 [00:14<01:06,  2.59it/s][A

 19%|█▊        | 39/210 [00:14<01:05,  2.60it/s][A

 19%|█▉        | 40/210 [00:15<01:04,  2.63it/s][A

 20%|█▉        | 41/210 [00:15<01:04,  2.63it/s][A

 20%|██        | 42/210 [00:16<01:01,  2.72it/s][A

 20%|██        | 43/210 [00:16<01:01,  2.70it/s][A

 21%|██        | 44/210 [00:16<01:00,  2.74it/s][A

 21%|██▏       | 45/210 [00:17<01:00,  2.71it/s][A

 22%|██▏       | 46/210 [00:17<01:00,  2.72it/s][A

 22%|██▏       | 47/210 [00:17<01:00,  2.71it/s][A

 23%|██▎       | 48/210 [00:18<00:59,  2.70it/s][A

 23%|██▎       | 49/210 [00:18<00:59,  2.70it/s][A

 24%|██▍       | 50/210 [00:18<00:57,  2.77it/s][A

 24%|██▍       | 51/210 [00:19<00:58,  2.73it/s][A

 25%|██▍       | 52/210 [00:19<00:58,  2.72it/s][A

 25%|██▌       | 53/210 [00:20<01:00,  2.60it/s][A

 26%|██▌       | 54/210 [00:20<00:59,  2.63it/s][A

 26%|██▌       | 55/210 [00:20<01:02,  2.47it/s][A

 27%|██▋       | 56/210 [00:21<01:01,  2.50it/s][A

 27%|██▋       | 57/210 [00:21<00:59,  2.58it/s][A

 28%|██▊       | 58/210 [00:22<00:59,  2.55it/s][A

 28%|██▊       | 59/210 [00:22<01:00,  2.49it/s][A

 29%|██▊       | 60/210 [00:22<00:59,  2.53it/s][A

 29%|██▉       | 61/210 [00:23<01:00,  2.47it/s][A

 30%|██▉       | 62/210 [00:23<00:58,  2.54it/s][A

 30%|███       | 63/210 [00:24<00:58,  2.51it/s][A

 30%|███       | 64/210 [00:24<00:56,  2.58it/s][A

 31%|███       | 65/210 [00:24<00:56,  2.55it/s][A

 31%|███▏      | 66/210 [00:25<00:56,  2.56it/s][A

 32%|███▏      | 67/210 [00:25<00:56,  2.55it/s][A

 32%|███▏      | 68/210 [00:26<00:55,  2.56it/s][A

 33%|███▎      | 69/210 [00:26<00:54,  2.58it/s][A

 33%|███▎      | 70/210 [00:26<00:55,  2.54it/s][A

 34%|███▍      | 71/210 [00:27<00:53,  2.58it/s][A

 34%|███▍      | 72/210 [00:27<00:52,  2.62it/s][A

 35%|███▍      | 73/210 [00:27<00:50,  2.70it/s][A

 35%|███▌      | 74/210 [00:28<00:50,  2.67it/s][A

 36%|███▌      | 75/210 [00:28<00:50,  2.67it/s][A

 36%|███▌      | 76/210 [00:29<00:50,  2.64it/s][A

 37%|███▋      | 77/210 [00:29<00:51,  2.60it/s][A

 37%|███▋      | 78/210 [00:29<00:50,  2.64it/s][A

 38%|███▊      | 79/210 [00:30<00:50,  2.60it/s][A

 38%|███▊      | 80/210 [00:30<00:49,  2.61it/s][A

 39%|███▊      | 81/210 [00:31<00:50,  2.53it/s][A

 39%|███▉      | 82/210 [00:31<00:49,  2.57it/s][A

 40%|███▉      | 83/210 [00:31<00:49,  2.55it/s][A

 40%|████      | 84/210 [00:32<00:48,  2.60it/s][A

 40%|████      | 85/210 [00:32<00:48,  2.59it/s][A

 41%|████      | 86/210 [00:32<00:47,  2.63it/s][A

 41%|████▏     | 87/210 [00:33<00:46,  2.67it/s][A

 42%|████▏     | 88/210 [00:33<00:45,  2.70it/s][A

 42%|████▏     | 89/210 [00:34<00:45,  2.65it/s][A

 43%|████▎     | 90/210 [00:34<00:45,  2.61it/s][A

 43%|████▎     | 91/210 [00:34<00:47,  2.52it/s][A

 44%|████▍     | 92/210 [00:35<00:45,  2.59it/s][A

 44%|████▍     | 93/210 [00:35<00:45,  2.60it/s][A

 45%|████▍     | 94/210 [00:35<00:44,  2.62it/s][A

 45%|████▌     | 95/210 [00:36<00:44,  2.58it/s][A

 46%|████▌     | 96/210 [00:36<00:44,  2.59it/s][A

 46%|████▌     | 97/210 [00:37<00:42,  2.68it/s][A

 47%|████▋     | 98/210 [00:37<00:42,  2.67it/s][A

 47%|████▋     | 99/210 [00:37<00:42,  2.60it/s][A

 48%|████▊     | 100/210 [00:38<00:42,  2.61it/s][A

 48%|████▊     | 101/210 [00:38<00:42,  2.58it/s][A

 49%|████▊     | 102/210 [00:39<00:41,  2.60it/s][A

 49%|████▉     | 103/210 [00:39<00:41,  2.60it/s][A

 50%|████▉     | 104/210 [00:39<00:40,  2.60it/s][A

 50%|█████     | 105/210 [00:40<00:42,  2.46it/s][A

 50%|█████     | 106/210 [00:40<00:41,  2.53it/s][A

 51%|█████     | 107/210 [00:41<00:41,  2.49it/s][A

 51%|█████▏    | 108/210 [00:41<00:40,  2.52it/s][A

 52%|█████▏    | 109/210 [00:41<00:39,  2.55it/s][A

 52%|█████▏    | 110/210 [00:42<00:38,  2.59it/s][A

 53%|█████▎    | 111/210 [00:42<00:38,  2.58it/s][A

 53%|█████▎    | 112/210 [00:42<00:37,  2.62it/s][A

 54%|█████▍    | 113/210 [00:43<00:37,  2.58it/s][A

 54%|█████▍    | 114/210 [00:43<00:37,  2.59it/s][A

 55%|█████▍    | 115/210 [00:44<00:38,  2.48it/s][A

 55%|█████▌    | 116/210 [00:44<00:38,  2.44it/s][A

 56%|█████▌    | 117/210 [00:45<00:37,  2.46it/s][A

 56%|█████▌    | 118/210 [00:45<00:35,  2.58it/s][A

 57%|█████▋    | 119/210 [00:45<00:35,  2.54it/s][A

 57%|█████▋    | 120/210 [00:46<00:35,  2.50it/s][A

 58%|█████▊    | 121/210 [00:46<00:34,  2.56it/s][A

 58%|█████▊    | 122/210 [00:46<00:33,  2.60it/s][A

 59%|█████▊    | 123/210 [00:47<00:32,  2.68it/s][A

 59%|█████▉    | 124/210 [00:47<00:32,  2.69it/s][A

 60%|█████▉    | 125/210 [00:48<00:32,  2.64it/s][A

 60%|██████    | 126/210 [00:48<00:31,  2.68it/s][A

 60%|██████    | 127/210 [00:48<00:31,  2.62it/s][A

 61%|██████    | 128/210 [00:49<00:30,  2.68it/s][A

 61%|██████▏   | 129/210 [00:49<00:31,  2.57it/s][A

 62%|██████▏   | 130/210 [00:49<00:30,  2.65it/s][A

 62%|██████▏   | 131/210 [00:50<00:29,  2.65it/s][A

 63%|██████▎   | 132/210 [00:50<00:29,  2.63it/s][A

 63%|██████▎   | 133/210 [00:51<00:30,  2.51it/s][A

 64%|██████▍   | 134/210 [00:51<00:29,  2.56it/s][A

 64%|██████▍   | 135/210 [00:51<00:29,  2.57it/s][A

 65%|██████▍   | 136/210 [00:52<00:27,  2.64it/s][A

 65%|██████▌   | 137/210 [00:52<00:27,  2.67it/s][A

 66%|██████▌   | 138/210 [00:52<00:27,  2.62it/s][A

 66%|██████▌   | 139/210 [00:53<00:27,  2.60it/s][A

 67%|██████▋   | 140/210 [00:53<00:26,  2.60it/s][A

 67%|██████▋   | 141/210 [00:54<00:26,  2.56it/s][A

 68%|██████▊   | 142/210 [00:54<00:26,  2.60it/s][A

 68%|██████▊   | 143/210 [00:54<00:25,  2.64it/s][A

 69%|██████▊   | 144/210 [00:55<00:24,  2.68it/s][A

 69%|██████▉   | 145/210 [00:55<00:24,  2.70it/s][A

 70%|██████▉   | 146/210 [00:55<00:23,  2.74it/s][A

 70%|███████   | 147/210 [00:56<00:23,  2.70it/s][A

 70%|███████   | 148/210 [00:56<00:23,  2.65it/s][A

 71%|███████   | 149/210 [00:57<00:23,  2.63it/s][A

 71%|███████▏  | 150/210 [00:57<00:22,  2.64it/s][A

 72%|███████▏  | 151/210 [00:57<00:22,  2.67it/s][A

 72%|███████▏  | 152/210 [00:58<00:21,  2.67it/s][A

 73%|███████▎  | 153/210 [00:58<00:21,  2.62it/s][A

 73%|███████▎  | 154/210 [00:59<00:21,  2.63it/s][A

 74%|███████▍  | 155/210 [00:59<00:21,  2.58it/s][A

 74%|███████▍  | 156/210 [00:59<00:20,  2.63it/s][A

 75%|███████▍  | 157/210 [01:00<00:20,  2.61it/s][A

 75%|███████▌  | 158/210 [01:00<00:19,  2.62it/s][A

 76%|███████▌  | 159/210 [01:00<00:19,  2.60it/s][A

 76%|███████▌  | 160/210 [01:01<00:19,  2.58it/s][A

 77%|███████▋  | 161/210 [01:01<00:18,  2.64it/s][A

 77%|███████▋  | 162/210 [01:02<00:17,  2.68it/s][A

 78%|███████▊  | 163/210 [01:02<00:17,  2.62it/s][A

 78%|███████▊  | 164/210 [01:02<00:18,  2.55it/s][A

 79%|███████▊  | 165/210 [01:03<00:17,  2.57it/s][A

 79%|███████▉  | 166/210 [01:03<00:17,  2.49it/s][A

 80%|███████▉  | 167/210 [01:04<00:17,  2.50it/s][A

 80%|████████  | 168/210 [01:04<00:16,  2.50it/s][A

 80%|████████  | 169/210 [01:04<00:16,  2.52it/s][A

 81%|████████  | 170/210 [01:05<00:15,  2.55it/s][A

 81%|████████▏ | 171/210 [01:05<00:15,  2.54it/s][A

 82%|████████▏ | 172/210 [01:06<00:14,  2.56it/s][A

 82%|████████▏ | 173/210 [01:06<00:14,  2.51it/s][A

 83%|████████▎ | 174/210 [01:06<00:14,  2.52it/s][A

 83%|████████▎ | 175/210 [01:07<00:14,  2.46it/s][A

 84%|████████▍ | 176/210 [01:07<00:13,  2.48it/s][A

 84%|████████▍ | 177/210 [01:08<00:13,  2.51it/s][A

 85%|████████▍ | 178/210 [01:08<00:12,  2.57it/s][A

 85%|████████▌ | 179/210 [01:08<00:12,  2.56it/s][A

 86%|████████▌ | 180/210 [01:09<00:11,  2.67it/s][A

 86%|████████▌ | 181/210 [01:09<00:11,  2.61it/s][A

 87%|████████▋ | 182/210 [01:09<00:10,  2.65it/s][A

 87%|████████▋ | 183/210 [01:10<00:09,  2.71it/s][A

 88%|████████▊ | 184/210 [01:10<00:09,  2.76it/s][A

 88%|████████▊ | 185/210 [01:11<00:09,  2.74it/s][A

 89%|████████▊ | 186/210 [01:11<00:08,  2.78it/s][A

 89%|████████▉ | 187/210 [01:11<00:08,  2.78it/s][A

 90%|████████▉ | 188/210 [01:12<00:08,  2.73it/s][A

 90%|█████████ | 189/210 [01:12<00:07,  2.70it/s][A

 90%|█████████ | 190/210 [01:12<00:07,  2.65it/s][A

 91%|█████████ | 191/210 [01:13<00:07,  2.64it/s][A

 91%|█████████▏| 192/210 [01:13<00:06,  2.72it/s][A

 92%|█████████▏| 193/210 [01:13<00:06,  2.72it/s][A

 92%|█████████▏| 194/210 [01:14<00:05,  2.73it/s][A

 93%|█████████▎| 195/210 [01:14<00:05,  2.73it/s][A

 93%|█████████▎| 196/210 [01:15<00:05,  2.64it/s][A

 94%|█████████▍| 197/210 [01:15<00:04,  2.65it/s][A

 94%|█████████▍| 198/210 [01:15<00:04,  2.60it/s][A

 95%|█████████▍| 199/210 [01:16<00:04,  2.60it/s][A

 95%|█████████▌| 200/210 [01:16<00:03,  2.59it/s][A

 96%|█████████▌| 201/210 [01:17<00:03,  2.65it/s][A

 96%|█████████▌| 202/210 [01:17<00:03,  2.64it/s][A

 97%|█████████▋| 203/210 [01:17<00:02,  2.65it/s][A

 97%|█████████▋| 204/210 [01:18<00:02,  2.66it/s][A

 98%|█████████▊| 205/210 [01:18<00:01,  2.56it/s][A

 98%|█████████▊| 206/210 [01:18<00:01,  2.61it/s][A

 99%|█████████▊| 207/210 [01:19<00:01,  2.63it/s][A

 99%|█████████▉| 208/210 [01:19<00:00,  2.64it/s][A

100%|█████████▉| 209/210 [01:20<00:00,  2.62it/s][A

100%|██████████| 210/210 [01:20<00:00,  3.04it/s][A
100%|██████████| 210/210 [01:20<00:00,  2.62it/s]

  0%|          | 0/10 [15:56<?, ?it/s]
Traceback (most recent call last):
  File "/fhome/amlai07/Adavanced_DP/main.py", line 35, in <module>
    model = baseline_train(model, train_loader, val_loader, test_loader, optimizer, criterion, device, config["training_params"]["epochs"])
  File "/export/fhome/amlai07/Adavanced_DP/src/utils/train_loops.py", line 69, in baseline_train
    train_top1_acc, train_top5_acc = top1_and_top_k_accuracy_domain(model, train_dataloader, device, k=5)
  File "/export/fhome/amlai07/Adavanced_DP/src/utils/train_loops.py", line 16, in top1_and_top_k_accuracy_domain
    correct_top1 = (predicts_top1 == targets).sum()
RuntimeError: Expected all tensors to be on the same device, but found at least two devices, cuda:0 and cpu!
