wandb: Using wandb-core as the SDK backend.  Please refer to https://wandb.me/wandb-core for more information.
wandb: Currently logged in as: joanlafuente. Use `wandb login --relogin` to force relogin
wandb: Tracking run with wandb version 0.18.7
wandb: Run data is saved locally in /export/fhome/amlai07/Adavanced_DP/wandb/run-20241123_125632-utdvb1k8
wandb: Run `wandb offline` to turn off syncing.
wandb: Syncing run baseline_dn4il
wandb: ⭐️ View project at https://wandb.ai/joanlafuente/Advanced_DP
wandb: 🚀 View run at https://wandb.ai/joanlafuente/Advanced_DP/runs/utdvb1k8
  0%|          | 0/10 [00:00<?, ?it/s]
  0%|          | 0/443 [00:00<?, ?it/s][A
  0%|          | 1/443 [00:01<09:31,  1.29s/it][A
  0%|          | 2/443 [00:02<07:05,  1.04it/s][A
  1%|          | 3/443 [00:02<06:17,  1.17it/s][A
  1%|          | 4/443 [00:03<05:53,  1.24it/s][A
  1%|          | 5/443 [00:04<05:41,  1.28it/s][A
  1%|▏         | 6/443 [00:04<05:32,  1.31it/s][A
  2%|▏         | 7/443 [00:05<05:28,  1.33it/s][A
  2%|▏         | 8/443 [00:06<05:21,  1.35it/s][A
  2%|▏         | 9/443 [00:07<05:18,  1.36it/s][A
  2%|▏         | 10/443 [00:07<05:12,  1.39it/s][A
  2%|▏         | 11/443 [00:08<05:15,  1.37it/s][A
  3%|▎         | 12/443 [00:09<05:14,  1.37it/s][A
  3%|▎         | 13/443 [00:10<05:16,  1.36it/s][A
  3%|▎         | 14/443 [00:10<05:12,  1.37it/s][A
  3%|▎         | 15/443 [00:11<05:10,  1.38it/s][A
  4%|▎         | 16/443 [00:12<05:11,  1.37it/s][Aslurmstepd: error: *** JOB 51427 ON etse-75-51 CANCELLED AT 2024-11-23T12:56:45 ***
