Instantiating baseline...
Training
Epoch 0
Validation
Computing accuracy
Computing accuracy
Computing accuracy
Saving plot to /fhome/amlai07/Adavanced_DP/Runs/baseline_proba/train_plots/num_domains_1_domain_clipart.png
Epoch 0
Validation
Computing accuracy
Computing accuracy
Computing accuracy
Computing accuracy
Saving plot to /fhome/amlai07/Adavanced_DP/Runs/baseline_proba/train_plots/num_domains_2_domain_infograph.png
Epoch 0
Validation
Computing accuracy
Computing accuracy
Computing accuracy
Computing accuracy
Computing accuracy
Saving plot to /fhome/amlai07/Adavanced_DP/Runs/baseline_proba/train_plots/num_domains_3_domain_painting.png
Epoch 0
Validation
Computing accuracy
Computing accuracy
Computing accuracy
Computing accuracy
Computing accuracy
Computing accuracy
Saving plot to /fhome/amlai07/Adavanced_DP/Runs/baseline_proba/train_plots/num_domains_4_domain_quickdraw.png
Epoch 0
Validation
Computing accuracy
Computing accuracy
Computing accuracy
Computing accuracy
Computing accuracy
Computing accuracy
Computing accuracy
Saving plot to /fhome/amlai07/Adavanced_DP/Runs/baseline_proba/train_plots/num_domains_5_domain_real.png
Epoch 0
Validation
Computing accuracy
Computing accuracy
Computing accuracy
Computing accuracy
Computing accuracy
Computing accuracy
Computing accuracy
Computing accuracy
Saving plot to /fhome/amlai07/Adavanced_DP/Runs/baseline_proba/train_plots/num_domains_6_domain_sketch.png
Computing accuracy
Computing accuracy
Computing accuracy
Computing accuracy
Computing accuracy
Computing accuracy
Saving plot to /fhome/amlai07/Adavanced_DP/Runs/baseline_proba/test_baseline_proba.png
