wandb: Using wandb-core as the SDK backend.  Please refer to https://wandb.me/wandb-core for more information.
wandb: Currently logged in as: joanlafuente. Use `wandb login --relogin` to force relogin
wandb: Tracking run with wandb version 0.18.7
wandb: Run data is saved locally in /export/fhome/amlai07/Adavanced_DP/wandb/run-20241114_220304-0rhq89hl
wandb: Run `wandb offline` to turn off syncing.
wandb: Syncing run baseline
wandb: ⭐️ View project at https://wandb.ai/joanlafuente/Advanced_DP
wandb: 🚀 View run at https://wandb.ai/joanlafuente/Advanced_DP/runs/0rhq89hl
  0%|          | 0/10 [00:00<?, ?it/s]  0%|          | 0/10 [00:00<?, ?it/s]
Traceback (most recent call last):
  File "/fhome/amlai07/Adavanced_DP/main.py", line 35, in <module>
    model = baseline_train(model, train_loader, val_loader, test_loader, optimizer, criterion, device, config["training_params"]["epochs"])
  File "/export/fhome/amlai07/Adavanced_DP/src/utils/train_loops.py", line 64, in baseline_train
    train_loss, val_loss = baseline_train_epoch(model, train_dataloader, val_dataloder, optimizer, criterion, device, epoch)
  File "/export/fhome/amlai07/Adavanced_DP/src/utils/train_loops.py", line 35, in baseline_train_epoch
    output = model(data)
  File "/fhome/amlai07/miniconda3/envs/AdvancedDP/lib/python3.10/site-packages/torch/nn/modules/module.py", line 1736, in _wrapped_call_impl
    return self._call_impl(*args, **kwargs)
  File "/fhome/amlai07/miniconda3/envs/AdvancedDP/lib/python3.10/site-packages/torch/nn/modules/module.py", line 1747, in _call_impl
    return forward_call(*args, **kwargs)
  File "/export/fhome/amlai07/Adavanced_DP/src/Models/baseline_arch.py", line 16, in forward
    return self.model(x)
  File "/fhome/amlai07/miniconda3/envs/AdvancedDP/lib/python3.10/site-packages/torch/nn/modules/module.py", line 1736, in _wrapped_call_impl
    return self._call_impl(*args, **kwargs)
  File "/fhome/amlai07/miniconda3/envs/AdvancedDP/lib/python3.10/site-packages/torch/nn/modules/module.py", line 1747, in _call_impl
    return forward_call(*args, **kwargs)
  File "/fhome/amlai07/miniconda3/envs/AdvancedDP/lib/python3.10/site-packages/torchvision/models/efficientnet.py", line 343, in forward
    return self._forward_impl(x)
  File "/fhome/amlai07/miniconda3/envs/AdvancedDP/lib/python3.10/site-packages/torchvision/models/efficientnet.py", line 333, in _forward_impl
    x = self.features(x)
  File "/fhome/amlai07/miniconda3/envs/AdvancedDP/lib/python3.10/site-packages/torch/nn/modules/module.py", line 1736, in _wrapped_call_impl
    return self._call_impl(*args, **kwargs)
  File "/fhome/amlai07/miniconda3/envs/AdvancedDP/lib/python3.10/site-packages/torch/nn/modules/module.py", line 1747, in _call_impl
    return forward_call(*args, **kwargs)
  File "/fhome/amlai07/miniconda3/envs/AdvancedDP/lib/python3.10/site-packages/torch/nn/modules/container.py", line 250, in forward
    input = module(input)
  File "/fhome/amlai07/miniconda3/envs/AdvancedDP/lib/python3.10/site-packages/torch/nn/modules/module.py", line 1736, in _wrapped_call_impl
    return self._call_impl(*args, **kwargs)
  File "/fhome/amlai07/miniconda3/envs/AdvancedDP/lib/python3.10/site-packages/torch/nn/modules/module.py", line 1747, in _call_impl
    return forward_call(*args, **kwargs)
  File "/fhome/amlai07/miniconda3/envs/AdvancedDP/lib/python3.10/site-packages/torch/nn/modules/container.py", line 250, in forward
    input = module(input)
  File "/fhome/amlai07/miniconda3/envs/AdvancedDP/lib/python3.10/site-packages/torch/nn/modules/module.py", line 1736, in _wrapped_call_impl
    return self._call_impl(*args, **kwargs)
  File "/fhome/amlai07/miniconda3/envs/AdvancedDP/lib/python3.10/site-packages/torch/nn/modules/module.py", line 1747, in _call_impl
    return forward_call(*args, **kwargs)
  File "/fhome/amlai07/miniconda3/envs/AdvancedDP/lib/python3.10/site-packages/torchvision/models/efficientnet.py", line 164, in forward
    result = self.block(input)
  File "/fhome/amlai07/miniconda3/envs/AdvancedDP/lib/python3.10/site-packages/torch/nn/modules/module.py", line 1736, in _wrapped_call_impl
    return self._call_impl(*args, **kwargs)
  File "/fhome/amlai07/miniconda3/envs/AdvancedDP/lib/python3.10/site-packages/torch/nn/modules/module.py", line 1747, in _call_impl
    return forward_call(*args, **kwargs)
  File "/fhome/amlai07/miniconda3/envs/AdvancedDP/lib/python3.10/site-packages/torch/nn/modules/container.py", line 250, in forward
    input = module(input)
  File "/fhome/amlai07/miniconda3/envs/AdvancedDP/lib/python3.10/site-packages/torch/nn/modules/module.py", line 1736, in _wrapped_call_impl
    return self._call_impl(*args, **kwargs)
  File "/fhome/amlai07/miniconda3/envs/AdvancedDP/lib/python3.10/site-packages/torch/nn/modules/module.py", line 1747, in _call_impl
    return forward_call(*args, **kwargs)
  File "/fhome/amlai07/miniconda3/envs/AdvancedDP/lib/python3.10/site-packages/torch/nn/modules/container.py", line 250, in forward
    input = module(input)
  File "/fhome/amlai07/miniconda3/envs/AdvancedDP/lib/python3.10/site-packages/torch/nn/modules/module.py", line 1736, in _wrapped_call_impl
    return self._call_impl(*args, **kwargs)
  File "/fhome/amlai07/miniconda3/envs/AdvancedDP/lib/python3.10/site-packages/torch/nn/modules/module.py", line 1747, in _call_impl
    return forward_call(*args, **kwargs)
  File "/fhome/amlai07/miniconda3/envs/AdvancedDP/lib/python3.10/site-packages/torch/nn/modules/activation.py", line 432, in forward
    return F.silu(input, inplace=self.inplace)
  File "/fhome/amlai07/miniconda3/envs/AdvancedDP/lib/python3.10/site-packages/torch/nn/functional.py", line 2379, in silu
    return torch._C._nn.silu_(input)
torch.OutOfMemoryError: CUDA out of memory. Tried to allocate 28.00 MiB. GPU 0 has a total capacity of 11.90 GiB of which 4.62 MiB is free. Including non-PyTorch memory, this process has 11.89 GiB memory in use. Of the allocated memory 11.70 GiB is allocated by PyTorch, and 38.02 MiB is reserved by PyTorch but unallocated. If reserved but unallocated memory is large try setting PYTORCH_CUDA_ALLOC_CONF=expandable_segments:True to avoid fragmentation.  See documentation for Memory Management  (https://pytorch.org/docs/stable/notes/cuda.html#environment-variables)
