Instantiating baseline...
Training
Epoch 0
Validation
Computing accuracy
Computing accuracy
Computing accuracy
Epoch 0
Validation
Computing accuracy
Computing accuracy
Computing accuracy
Computing accuracy
Epoch 0
Validation
Computing accuracy
Computing accuracy
Computing accuracy
Computing accuracy
Computing accuracy
Epoch 0
Validation
Computing accuracy
Computing accuracy
Computing accuracy
Computing accuracy
Computing accuracy
Computing accuracy
Epoch 0
Validation
Computing accuracy
Computing accuracy
Computing accuracy
Computing accuracy
Computing accuracy
Computing accuracy
Computing accuracy
Epoch 0
Validation
Computing accuracy
Computing accuracy
Computing accuracy
Computing accuracy
Computing accuracy
Computing accuracy
Computing accuracy
Computing accuracy
Computing accuracy
Computing accuracy
Computing accuracy
Computing accuracy
Computing accuracy
Computing accuracy
[1;34mwandb[0m: 🚀 View run [33mbaseline_proba[0m at: [34mhttps://wandb.ai/joanlafuente/Advanced_DP/runs/r62a0h22[0m
[1;34mwandb[0m: Find logs at: [1;35m../../../export/fhome/amlai07/Adavanced_DP/wandb/run-20241120_203625-r62a0h22/logs[0m
