wandb: Using wandb-core as the SDK backend.  Please refer to https://wandb.me/wandb-core for more information.
wandb: Currently logged in as: joanlafuente. Use `wandb login --relogin` to force relogin
wandb: Tracking run with wandb version 0.18.7
wandb: Run data is saved locally in /export/fhome/amlai07/Adavanced_DP/wandb/run-20241120_201253-irdctm3u
wandb: Run `wandb offline` to turn off syncing.
wandb: Syncing run baseline_proba
wandb: ⭐️ View project at https://wandb.ai/joanlafuente/Advanced_DP
wandb: 🚀 View run at https://wandb.ai/joanlafuente/Advanced_DP/runs/irdctm3u
  0%|          | 0/1 [00:00<?, ?it/s]
  0%|          | 0/1 [00:00<?, ?it/s][A
100%|██████████| 1/1 [00:00<00:00,  1.23it/s][A100%|██████████| 1/1 [00:00<00:00,  1.23it/s]

  0%|          | 0/1 [00:00<?, ?it/s][A
100%|██████████| 1/1 [00:00<00:00,  6.44it/s][A100%|██████████| 1/1 [00:00<00:00,  6.40it/s]
100%|██████████| 1/1 [00:01<00:00,  1.34s/it]100%|██████████| 1/1 [00:01<00:00,  1.34s/it]
Traceback (most recent call last):
  File "/fhome/amlai07/Adavanced_DP/main.py", line 45, in <module>
    model = baseline_train(model, train_loader, val_loader, test_loader, optimizer, criterion, device, config["training_params"]["epochs"])
  File "/export/fhome/amlai07/Adavanced_DP/src/utils/train_loops.py", line 181, in baseline_train
    training_plot(metrics, save_path)
  File "/export/fhome/amlai07/Adavanced_DP/src/utils/plot_utils.py", line 97, in training_plot
    acc_ax.yaxis.set_major_formatter(mpl.ticker.PercentFormatter(xmax=1.0))
NameError: name 'mpl' is not defined
