Instantiating baseline...
DN4IL
Domains: ['real', 'clipart', 'infograph', 'painting', 'quickdraw', 'sketch']
Domains: ['real', 'clipart', 'infograph', 'painting', 'quickdraw', 'sketch']
Domains: ['real', 'clipart', 'infograph', 'painting', 'quickdraw', 'sketch']
Task Arithmetics Approach
Training
0.0001
Epoch 0
Validation
Computing accuracy
Computing accuracy
Epoch 1
Validation
Computing accuracy
Computing accuracy
Epoch 2
Validation
Computing accuracy
Computing accuracy
Epoch 3
Validation
Computing accuracy
Computing accuracy
Epoch 4
Validation
Computing accuracy
Computing accuracy
Epoch 5
