Instantiating baseline_with_ewc...
train_with_ewc: True
gradient_stop: False
Instantiating baseline_with_ewc...
train_with_ewc: True
gradient_stop: False
DN4IL
Domains: ['real', 'clipart', 'infograph', 'painting', 'quickdraw', 'sketch']
Domains: ['real', 'clipart', 'infograph', 'painting', 'quickdraw', 'sketch']
Domains: ['real', 'clipart', 'infograph', 'painting', 'quickdraw', 'sketch']
Not using mean importances
Alpha EWC Student: 10
Alpha EWC Teacher: 2
Temperature 1
Epoch 0
Validation
Computing accuracy
Computing accuracy
Epoch 1
Validation
