Instantiating baseline_with_ewc...
train_with_ewc: False
gradient_stop: True
Instantiating baseline_with_ewc...
train_with_ewc: True
gradient_stop: False
DN4IL
Domains: ['real', 'clipart', 'infograph', 'painting', 'quickdraw', 'sketch']
Domains: ['real', 'clipart', 'infograph', 'painting', 'quickdraw', 'sketch']
Domains: ['real', 'clipart', 'infograph', 'painting', 'quickdraw', 'sketch']
Using mean importances
WARNING: This behaviour does not work as expected
Epoch 0
Validation
Computing accuracy
Computing accuracy
Epoch 1
Validation
Computing accuracy
Computing accuracy
Epoch 2
Validation
Computing accuracy
Computing accuracy
Epoch 3
Validation
Computing accuracy
Computing accuracy
Epoch 4
Validation
Computing accuracy
Computing accuracy
Epoch 5
Validation
Computing accuracy
Computing accuracy
Epoch 6
Validation
Computing accuracy
Computing accuracy
Epoch 7
Validation
Computing accuracy
Computing accuracy
Epoch 8
Validation
Computing accuracy
Computing accuracy
Computing accuracy
Epoch 0
Validation
Computing accuracy
Computing accuracy
Epoch 1
Validation
Computing accuracy
Computing accuracy
Epoch 2
Validation
Computing accuracy
Computing accuracy
Epoch 3
Validation
Computing accuracy
Computing accuracy
Epoch 4
Validation
Computing accuracy
Computing accuracy
Epoch 5
Validation
Computing accuracy
Computing accuracy
Epoch 6
Validation
Computing accuracy
Computing accuracy
Epoch 7
Validation
Computing accuracy
Computing accuracy
Epoch 8
Validation
Computing accuracy
Computing accuracy
Epoch 9
Validation
Computing accuracy
Computing accuracy
Computing accuracy
Computing accuracy
Epoch 0
Validation
Computing accuracy
Computing accuracy
Epoch 1
Validation
Computing accuracy
Computing accuracy
Epoch 2
Validation
Computing accuracy
Computing accuracy
Epoch 3
Validation
Computing accuracy
Computing accuracy
Epoch 4
Validation
Computing accuracy
Computing accuracy
Epoch 5
Validation
Computing accuracy
Computing accuracy
Computing accuracy
Computing accuracy
Computing accuracy
Epoch 0
Validation
Computing accuracy
Computing accuracy
Epoch 1
Validation
Computing accuracy
Computing accuracy
Epoch 2
Validation
Computing accuracy
Computing accuracy
Epoch 3
Validation
Computing accuracy
Computing accuracy
Epoch 4
Validation
Computing accuracy
Computing accuracy
Epoch 5
Validation
Computing accuracy
Computing accuracy
Epoch 6
Validation
Computing accuracy
Computing accuracy
Computing accuracy
Computing accuracy
Computing accuracy
Computing accuracy
Epoch 0
Validation
Computing accuracy
Computing accuracy
Epoch 1
Validation
Computing accuracy
Computing accuracy
Epoch 2
[1;34mwandb[0m: 🚀 View run [33mTeacherStudent_dn4il_EWC_student_only_lambda_4_stopGradient[0m at: [34mhttps://wandb.ai/joanlafuente/Advanced_DP/runs/qqt8h94p[0m
[1;34mwandb[0m: Find logs at: [1;35m../../../export/fhome/amlai07/Adavanced_DP/wandb/run-20241126_030724-qqt8h94p/logs[0m
