Instantiating baseline_with_ewc...
train_with_ewc: True
Instantiating baseline_with_ewc...
train_with_ewc: True
DN4IL
Domains: ['real', 'clipart', 'infograph', 'painting', 'quickdraw', 'sketch']
Domains: ['real', 'clipart', 'infograph', 'painting', 'quickdraw', 'sketch']
Domains: ['real', 'clipart', 'infograph', 'painting', 'quickdraw', 'sketch']
Epoch 0
Validation
Computing accuracy
Computing accuracy
Epoch 1
Validation
Computing accuracy
Computing accuracy
Epoch 2
Validation
Computing accuracy
Computing accuracy
Epoch 3
Validation
Computing accuracy
Computing accuracy
Epoch 4
Validation
Computing accuracy
Computing accuracy
Epoch 5
Validation
Computing accuracy
Computing accuracy
Epoch 6
Validation
Computing accuracy
Computing accuracy
Epoch 7
Validation
Computing accuracy
Computing accuracy
Epoch 8
Validation
Computing accuracy
Computing accuracy
Epoch 9
Validation
Computing accuracy
Computing accuracy
Computing accuracy
Epoch 0
Validation
Computing accuracy
Computing accuracy
Epoch 1
Validation
Computing accuracy
Computing accuracy
Epoch 2
Validation
Computing accuracy
Computing accuracy
Epoch 3
Validation
Computing accuracy
Computing accuracy
Epoch 4
Validation
Computing accuracy
Computing accuracy
Epoch 5
Validation
Computing accuracy
Computing accuracy
Epoch 6
Validation
Computing accuracy
Computing accuracy
Epoch 7
Validation
Computing accuracy
Computing accuracy
Epoch 8
Validation
Computing accuracy
Computing accuracy
Epoch 9
Validation
Computing accuracy
Computing accuracy
Computing accuracy
Computing accuracy
Epoch 0
Validation
Computing accuracy
Computing accuracy
Epoch 1
Validation
Computing accuracy
Computing accuracy
Epoch 2
Validation
Computing accuracy
Computing accuracy
Epoch 3
Validation
Computing accuracy
Computing accuracy
Epoch 4
Validation
Computing accuracy
Computing accuracy
Epoch 5
Validation
Computing accuracy
Computing accuracy
Computing accuracy
Computing accuracy
Computing accuracy
Epoch 0
Validation
Computing accuracy
Computing accuracy
Epoch 1
Validation
Computing accuracy
Computing accuracy
Epoch 2
Validation
Computing accuracy
Computing accuracy
Epoch 3
Validation
Computing accuracy
Computing accuracy
Epoch 4
Validation
Computing accuracy
Computing accuracy
Computing accuracy
Computing accuracy
Computing accuracy
Computing accuracy
Epoch 0
Validation
Computing accuracy
Computing accuracy
Epoch 1
Validation
Computing accuracy
Computing accuracy
Epoch 2
Validation
Computing accuracy
Computing accuracy
Epoch 3
Validation
Computing accuracy
Computing accuracy
Epoch 4
Validation
Computing accuracy
Computing accuracy
Epoch 5
Validation
Computing accuracy
Computing accuracy
Epoch 6
Validation
Computing accuracy
Computing accuracy
Epoch 7
Validation
Computing accuracy
Computing accuracy
Epoch 8
Validation
Computing accuracy
Computing accuracy
Epoch 9
Validation
Computing accuracy
Computing accuracy
Computing accuracy
Computing accuracy
Computing accuracy
Computing accuracy
Computing accuracy
Epoch 0
Validation
Computing accuracy
Computing accuracy
Epoch 1
Validation
Computing accuracy
Computing accuracy
Epoch 2
Validation
Computing accuracy
Computing accuracy
Epoch 3
Validation
Computing accuracy
Computing accuracy
Epoch 4
Validation
Computing accuracy
Computing accuracy
Epoch 5
Validation
Computing accuracy
Computing accuracy
Epoch 6
Validation
Computing accuracy
Computing accuracy
Computing accuracy
Computing accuracy
Computing accuracy
Computing accuracy
Computing accuracy
Computing accuracy
Computing accuracy
Computing accuracy
Computing accuracy
Computing accuracy
Computing accuracy
Computing accuracy
