Instantiating baseline_with_ewc...
train_with_ewc: False
gradient_stop: False
Instantiating baseline_with_ewc...
train_with_ewc: True
gradient_stop: False
DN4IL
Domains: ['real', 'clipart', 'infograph', 'painting', 'quickdraw', 'sketch']
Domains: ['real', 'clipart', 'infograph', 'painting', 'quickdraw', 'sketch']
Domains: ['real', 'clipart', 'infograph', 'painting', 'quickdraw', 'sketch']
Not using mean importances
Epoch 0
Validation
Computing accuracy
Computing accuracy
Epoch 1
Validation
Computing accuracy
Computing accuracy
Epoch 2
Validation
Computing accuracy
Computing accuracy
Epoch 3
Validation
Computing accuracy
Computing accuracy
Epoch 4
Validation
Computing accuracy
Computing accuracy
Computing accuracy
Epoch 0
Validation
Computing accuracy
Computing accuracy
Epoch 1
Validation
Computing accuracy
Computing accuracy
Epoch 2
Validation
Computing accuracy
Computing accuracy
Epoch 3
Validation
Computing accuracy
Computing accuracy
Epoch 4
Validation
Computing accuracy
[1;34mwandb[0m: 🚀 View run [33mTeacherStudent_dn4il_EWC_student_only_v3[0m at: [34mhttps://wandb.ai/joanlafuente/Advanced_DP/runs/utwttguy[0m
[1;34mwandb[0m: Find logs at: [1;35m../../../export/fhome/amlai07/Adavanced_DP/wandb/run-20241127_224944-utwttguy/logs[0m
